[15:23:53.025] Global cache location '/home/erik/.cache/typescript/4.2', safe file path '/home/erik/.npm-global/lib/node_modules/typescript/lib/typingSafeList.json', types map path /home/erik/.npm-global/lib/node_modules/typescript/lib/typesMap.json
[15:23:53.025] Processing cache location '/home/erik/.cache/typescript/4.2'
[15:23:53.025] Trying to find '/home/erik/.cache/typescript/4.2/package.json'...
[15:23:53.034] Loaded content of '/home/erik/.cache/typescript/4.2/package.json': {"private":true,"dependencies":{"types-registry":"^0.1.585"},"devDependencies":{"@types/abbrev":"^1.1.2","@types/accepts":"^1.3.5","@types/acorn":"^4.0.6","@types/agent-base":"^4.2.2","@types/are-we-there-yet":"^1.1.0","@types/argparse":"^2.0.10","@types/aria-query":"^5.0.0","@types/arr-diff":"^4.0.0","@types/arr-union":"^3.1.0","@types/array-unique":"^0.3.0","@types/array.prototype.flat":"^1.2.1","@types/array.prototype.flatmap":"^1.2.2","@types/asap":"^2.0.0","@types/asn1":"^0.2.0","@types/assert":"^1.5.6","@types/assert-plus":"^1.0.4","@types/async":"^3.2.12","@types/atob":"^2.1.2","@types/auth0-js":"^9.14.6","@types/aws4":"^1.11.1","@types/babel__core":"^7.1.18","@types/babel__preset-env":"^7.9.2","@types/babel__template":"^7.4.1","@types/babel__traverse":"^7.14.2","@types/babel-code-frame":"^6.20.5","@types/babel-core":"^6.25.7","@types/babel-plugin-macros":"^2.8.5","@types/babel-template":"^6.25.2","@types/babel-traverse":"^6.25.7","@types/babel-types":"^7.0.11","@types/babylon":"^6.16.6","@types/balanced-match":"^1.0.2","@types/big.js":"^6.1.3","@types/bindings":"^1.5.1","@types/bluebird":"^3.5.36","@types/bn.js":"^5.1.0","@types/body-parser":"^1.19.2","@types/bonjour":"^3.5.10","@types/boolbase":"^1.0.1","@types/bootstrap":"^5.1.9","@types/bootstrap-datepicker":"^0.0.15","@types/brace-expansion":"^1.1.0","@types/braces":"^3.0.1","@types/braintree-web":"^3.75.17","@types/brorand":"^1.0.30","@types/browser-resolve":"^2.0.1","@types/bser":"^2.0.1","@types/buffer-crc32":"^0.2.0","@types/buffer-from":"^1.1.0","@types/buffer-json":"^2.0.1","@types/buffer-xor":"^2.0.0","@types/bytes":"^3.1.1","@types/cacache":"^15.0.1","@types/call-bind":"^1.0.0","@types/camelcase-css":"^2.0.0","@types/caniuse-api":"^3.0.2","@types/caniuse-lite":"^1.0.1","@types/case-sensitive-paths-webpack-plugin":"^2.1.6","@types/caseless":"^0.12.2","@types/chardet":"^0.8.1","@types/check-types":"^7.3.3","@types/chownr":"^1.0.0","@types/cipher-base":"^1.0.1","@types/clean-css":"^4.2.5","@types/cli-spinners":"^1.3.0","@types/clone":"^2.1.1","@types/clone-deep":"^4.0.1","@types/co":"^4.6.3","@types/color":"^3.0.3","@types/color-convert":"^2.0.0","@types/color-name":"^1.1.1","@types/color-string":"^1.5.2","@types/combined-stream":"^1.0.3","@types/common-tags":"^1.8.1","@types/commondir":"^1.0.0","@types/component-emitter":"^1.2.11","@types/compose-function":"^0.0.30","@types/compressible":"^2.0.0","@types/compression":"^1.7.2","@types/concat-map":"^0.0.1","@types/concat-stream":"^2.0.0","@types/confusing-browser-globals":"^1.0.0","@types/connect-history-api-fallback":"^1.3.5","@types/consolidate":"^0.14.1","@types/contains-path":"^1.0.1","@types/content-disposition":"^0.5.4","@types/content-type":"^1.1.5","@types/convert-source-map":"^1.5.2","@types/cookie":"^0.4.1","@types/cookie-signature":"^1.0.4","@types/cookiejar":"^2.1.2","@types/copy-webpack-plugin":"^8.0.1","@types/core-js":"^2.5.5","@types/create-hash":"^1.2.2","@types/create-hmac":"^1.1.0","@types/cross-spawn":"^6.0.2","@types/crypto-js":"^4.1.1","@types/css":"^0.0.33","@types/css-declaration-sorter":"^6.0.1","@types/css-tree":"^1.0.7","@types/cssesc":"^3.0.0","@types/cssnano":"^5.0.0","@types/csso":"^5.0.0","@types/cssom":"^0.4.1","@types/cssstyle":"^2.2.1","@types/d":"^1.0.1","@types/damerau-levenshtein":"^1.0.0","@types/dashdash":"^1.14.1","@types/data-urls":"^2.0.1","@types/deasync":"^0.1.2","@types/debug":"^4.1.7","@types/decode-uri-component":"^0.2.0","@types/dedent":"^0.7.0","@types/deep-equal":"^1.0.1","@types/default-gateway":"^3.0.1","@types/defaults":"^1.0.3","@types/define-properties":"^1.1.3","@types/defined":"^1.0.0","@types/delegates":"^1.0.0","@types/denodeify":"^1.2.31","@types/depd":"^1.1.32","@types/destroy":"^1.0.0","@types/detect-node":"^2.0.0","@types/detective":"^5.1.2","@types/didyoumean":"^1.2.0","@types/diff":"^5.0.2","@types/diffie-hellman":"^5.0.0","@types/dir-glob":"^2.0.1","@types/dns-packet":"^5.2.4","@types/doctrine":"^0.0.5","@types/domexception":"^2.0.1","@types/domhandler":"^2.4.2","@types/domutils":"^1.7.4","@types/duplexify":"^3.6.1","@types/ee-first":"^1.1.0","@types/ejs":"^3.1.0","@types/elliptic":"^6.4.14","@types/encodeurl":"^1.0.0","@types/end-of-stream":"^1.4.1","@types/enhanced-resolve":"^3.0.7","@types/eonasdan-bootstrap-datetimepicker":"^4.17.29","@types/es-abstract":"^1.17.3","@types/es-to-primitive":"^1.2.4","@types/escape-html":"^1.0.1","@types/escodegen":"^0.0.7","@types/eslint":"^8.4.1","@types/eslint-scope":"^3.7.3","@types/eslint-utils":"^3.0.1","@types/eslint-visitor-keys":"^1.0.0","@types/esprima":"^4.0.3","@types/esquery":"^1.0.2","@types/estraverse":"^5.1.1","@types/esutils":"^2.0.0","@types/etag":"^1.8.1","@types/events":"^3.0.0","@types/eventsource":"^1.1.8","@types/exit":"^0.1.31","@types/express":"^4.17.13","@types/extend":"^3.0.1","@types/extsprintf":"^1.4.2","@types/fast-levenshtein":"^0.0.2","@types/fast-text-encoding":"^1.0.1","@types/fb-watchman":"^2.0.1","@types/fbemitter":"^2.0.32","@types/fibers":"^3.1.1","@types/file-entry-cache":"^5.0.2","@types/file-loader":"^5.0.1","@types/fill-range":"^7.0.0","@types/finalhandler":"^1.1.1","@types/find-cache-dir":"^3.2.1","@types/find-root":"^1.1.2","@types/flat-cache":"^2.0.0","@types/flush-write-stream":"^1.0.0","@types/follow-redirects":"^1.14.1","@types/forever-agent":"^0.6.1","@types/formidable":"^2.0.4","@types/forwarded":"^0.1.0","@types/fresh":"^0.5.0","@types/from2":"^2.3.1","@types/fs-extra":"^9.0.13","@types/function-bind":"^1.1.6","@types/functional-red-black-tree":"^1.0.1","@types/gaze":"^1.1.2","@types/get-intrinsic":"^1.0.0","@types/get-value":"^3.0.2","@types/getos":"^3.0.1","@types/getpass":"^0.1.1","@types/glob":"^7.2.0","@types/glob-parent":"^5.1.1","@types/glob-to-regexp":"^0.4.1","@types/global-modules":"^2.0.0","@types/global-prefix":"^3.0.0","@types/globule":"^1.1.4","@types/graceful-fs":"^4.1.5","@types/has":"^1.0.0","@types/has-ansi":"^5.0.0","@types/has-symbols":"^1.0.0","@types/hash-sum":"^1.0.0","@types/he":"^1.1.2","@types/hex-color-regex":"^1.1.1","@types/history":"^4.7.9","@types/hoist-non-react-statics":"^3.3.1","@types/hosted-git-info":"^3.0.2","@types/html-encoding-sniffer":"^2.0.2","@types/html-escaper":"^3.0.0","@types/html-minifier":"^4.0.2","@types/html-minifier-terser":"^6.1.0","@types/html-webpack-plugin":"^3.2.6","@types/htmlparser2":"^3.10.3","@types/http-errors":"^1.8.2","@types/http-proxy":"^1.17.8","@types/icss-utils":"^5.1.0","@types/iferr":"^1.0.2","@types/immediate":"^3.2.0","@types/imurmurhash":"^0.1.1","@types/inherits":"^0.0.30","@types/ini":"^1.3.31","@types/inquirer":"^8.2.0","@types/internal-slot":"^1.0.1","@types/interpret":"^1.1.1","@types/invariant":"^2.2.35","@types/ip":"^1.1.0","@types/is-arguments":"^1.0.0","@types/is-bigint":"^1.0.0","@types/is-boolean-object":"^1.1.0","@types/is-buffer":"^2.0.0","@types/is-callable":"^1.1.0","@types/is-ci":"^3.0.0","@types/is-core-module":"^2.2.0","@types/is-data-descriptor":"^1.0.0","@types/is-date-object":"^1.0.2","@types/is-finite":"^1.0.0","@types/is-glob":"^4.0.2","@types/is-number":"^7.0.3","@types/is-regex":"^1.0.0","@types/is-string":"^1.0.0","@types/is-typedarray":"^1.0.0","@types/is-windows":"^1.0.0","@types/isarray":"^2.0.0","@types/isexe":"^2.0.1","@types/isomorphic-fetch":"^0.0.35","@types/isstream":"^0.1.0","@types/istanbul-lib-coverage":"^2.0.4","@types/istanbul-lib-instrument":"^1.7.4","@types/istanbul-lib-report":"^3.0.0","@types/istanbul-lib-source-maps":"^4.0.1","@types/istanbul-reports":"^3.0.1","@types/jest":"^27.4.0","@types/jquery":"^3.5.13","@types/js-beautify":"^1.13.3","@types/js-cookie":"^3.0.1","@types/js-yaml":"^4.0.5","@types/jsbn":"^1.2.30","@types/jsdom":"^16.2.14","@types/jsesc":"^3.0.1","@types/json-parse-better-errors":"^1.0.0","@types/json-schema":"^7.0.11","@types/json-server":"^0.14.4","@types/json-stringify-safe":"^5.0.0","@types/json3":"^3.3.2","@types/jsonfile":"^6.1.0","@types/kind-of":"^6.0.0","@types/language-tags":"^1.0.0","@types/listr":"^0.14.4","@types/loader-runner":"^2.2.4","@types/loader-utils":"^2.0.3","@types/lodash":"^4.14.180","@types/lodash.clonedeep":"^4.5.6","@types/lodash.debounce":"^4.0.6","@types/lodash.defaultsdeep":"^4.6.6","@types/lodash.kebabcase":"^4.1.6","@types/lodash.mapvalues":"^4.6.6","@types/lodash.memoize":"^4.1.6","@types/lodash.merge":"^4.6.6","@types/lodash.once":"^4.1.6","@types/lodash.sortby":"^4.7.6","@types/lodash.template":"^4.5.0","@types/lodash.toarray":"^4.4.6","@types/lodash.transform":"^4.6.6","@types/lodash.truncate":"^4.4.6","@types/lodash.uniq":"^4.5.6","@types/lru-cache":"^7.5.0","@types/luxon":"^2.0.9","@types/lz-string":"^1.3.34","@types/media-typer":"^1.1.1","@types/memory-fs":"^0.3.3","@types/merge-descriptors":"^1.0.1","@types/merge-stream":"^1.1.2","@types/merge2":"^1.3.1","@types/methods":"^1.1.1","@types/micromatch":"^4.0.2","@types/mime":"^2.0.3","@types/mime-db":"^1.43.1","@types/mime-types":"^2.1.1","@types/min-indent":"^1.0.0","@types/mini-css-extract-plugin":"^2.4.0","@types/minimalistic-assert":"^1.0.1","@types/minimatch":"^3.0.5","@types/minimist":"^1.2.2","@types/minipass":"^3.1.2","@types/minizlib":"^2.1.2","@types/mkdirp":"^1.0.2","@types/move-concurrently":"^1.0.4","@types/ms":"^0.7.31","@types/multicast-dns":"^7.2.1","@types/mute-stream":"^0.0.1","@types/mz":"^2.7.4","@types/natural-compare":"^1.4.1","@types/negotiator":"^0.6.1","@types/next-tick":"^1.0.0","@types/nice-try":"^2.1.0","@types/node-emoji":"^1.8.1","@types/node-fetch":"^2.6.1","@types/node-forge":"^1.0.1","@types/node-int64":"^0.4.29","@types/node-ipc":"^9.2.0","@types/node-notifier":"^8.0.2","@types/node-sass":"^4.11.2","@types/nopt":"^3.0.29","@types/normalize-package-data":"^2.4.1","@types/normalize-path":"^3.0.0","@types/npmlog":"^4.1.4","@types/num2fraction":"^1.2.0","@types/number-is-nan":"^2.0.0","@types/nwsapi":"^2.2.2","@types/object-assign":"^4.0.30","@types/object-hash":"^2.2.1","@types/object-inspect":"^1.8.1","@types/object-keys":"^1.0.1","@types/object.fromentries":"^2.0.1","@types/object.getownpropertydescriptors":"^2.1.1","@types/object.pick":"^1.3.1","@types/on-finished":"^2.3.1","@types/on-headers":"^1.0.0","@types/once":"^1.4.0","@types/opener":"^1.4.0","@types/optimize-css-assets-webpack-plugin":"^5.0.5","@types/original":"^1.0.0","@types/os-homedir":"^1.0.0","@types/os-tmpdir":"^1.0.0","@types/pako":"^1.0.3","@types/papaparse":"^5.3.2","@types/parallel-transform":"^1.1.1","@types/parse-json":"^4.0.0","@types/parse5":"^6.0.3","@types/parse5-htmlparser2-tree-adapter":"^6.0.1","@types/parseurl":"^1.3.1","@types/pascalcase":"^1.0.1","@types/path-browserify":"^1.0.0","@types/path-is-absolute":"^1.0.0","@types/path-is-inside":"^1.0.0","@types/path-parse":"^1.0.19","@types/pbkdf2":"^3.1.0","@types/phoenix":"^1.5.4","@types/picomatch":"^2.3.0","@types/pify":"^5.0.1","@types/postcss-calc":"^7.0.2","@types/postcss-flexbugs-fixes":"^4.2.1","@types/postcss-gap-properties":"^2.0.1","@types/postcss-modules-extract-imports":"^3.0.2","@types/postcss-modules-local-by-default":"^4.0.0","@types/postcss-modules-scope":"^3.0.0","@types/postcss-modules-values":"^4.0.0","@types/postcss-normalize":"^9.0.1","@types/postcss-preset-env":"^6.7.3","@types/postcss-safe-parser":"^5.0.1","@types/prelude-ls":"^1.1.29","@types/prettier":"^2.4.4","@types/pretty":"^2.0.1","@types/pretty-hrtime":"^1.0.1","@types/progress":"^2.0.5","@types/promise-inflight":"^1.0.0","@types/promise-polyfill":"^6.0.4","@types/prompts":"^2.0.14","@types/prop-types":"^15.7.4","@types/proxy-addr":"^2.0.0","@types/psl":"^1.1.0","@types/pump":"^1.1.1","@types/pumpify":"^1.4.1","@types/punycode":"^2.1.0","@types/q":"^1.5.5","@types/qs":"^6.9.7","@types/querystringify":"^2.0.0","@types/qunit":"^2.11.3","@types/raf":"^3.4.0","@types/ramda":"^0.28.1","@types/randombytes":"^2.0.0","@types/range-parser":"^1.2.4","@types/react":"^17.0.38","@types/react-dev-utils":"^9.0.9","@types/react-dom":"^17.0.11","@types/react-is":"^17.0.3","@types/react-native":"^0.66.11","@types/react-native-auth0":"^2.10.0","@types/react-native-dotenv":"^0.2.0","@types/react-redux":"^7.1.21","@types/react-router":"^5.1.17","@types/react-router-dom":"^5.3.2","@types/react-test-renderer":"^17.0.1","@types/readable-stream":"^2.3.13","@types/recursive-readdir":"^2.2.0","@types/redux-mock-store":"^1.0.3","@types/regenerate":"^1.4.1","@types/regenerator-runtime":"^0.13.1","@types/regex-not":"^1.0.0","@types/relateurl":"^0.2.29","@types/repeat-element":"^1.1.1","@types/repeat-string":"^1.6.3","@types/repeating":"^3.0.0","@types/request":"^2.48.8","@types/request-promise-native":"^1.0.18","@types/require-directory":"^2.1.2","@types/require-from-string":"^1.2.1","@types/requires-port":"^1.0.0","@types/resolve":"^1.20.1","@types/retry":"^0.12.1","@types/rimraf":"^3.0.2","@types/ripemd160":"^2.0.0","@types/rn-fetch-blob":"^1.2.3","@types/rsvp":"^4.0.4","@types/run-parallel":"^1.1.0","@types/safe-regex":"^1.1.3","@types/safer-buffer":"^2.1.0","@types/sane":"^2.0.1","@types/sass":"^1.43.1","@types/sass-graph":"^2.1.3","@types/sass-loader":"^8.0.3","@types/sax":"^1.2.4","@types/scheduler":"^0.16.2","@types/semver":"^7.3.9","@types/send":"^0.17.1","@types/serialize-javascript":"^5.0.2","@types/serve-index":"^1.9.1","@types/serve-static":"^1.13.10","@types/set-value":"^4.0.1","@types/setimmediate":"^1.0.2","@types/sha.js":"^2.4.0","@types/shebang-command":"^1.2.0","@types/shell-quote":"^1.7.1","@types/sigmund":"^1.0.0","@types/signal-exit":"^3.0.1","@types/simple-swizzle":"^0.2.0","@types/slice-ansi":"^5.0.0","@types/sockjs":"^0.3.33","@types/sockjs-client":"^1.5.1","@types/source-list-map":"^0.1.2","@types/source-map-support":"^0.5.4","@types/spdx-correct":"^2.0.0","@types/spdx-expression-parse":"^3.0.1","@types/spdy":"^3.4.5","@types/sprintf":"^0.1.0","@types/sprintf-js":"^1.1.2","@types/sshpk":"^1.17.0","@types/ssri":"^7.1.1","@types/stack-utils":"^2.0.1","@types/statuses":"^2.0.0","@types/stdout-stream":"^1.4.0","@types/stream-each":"^1.2.0","@types/stream-shift":"^1.0.0","@types/strict-uri-encode":"^2.0.0","@types/string-natural-compare":"^3.0.2","@types/string.prototype.matchall":"^4.0.1","@types/stringify-object":"^4.0.1","@types/strip-comments":"^2.0.1","@types/strip-final-newline":"^3.0.0","@types/summernote":"^0.8.7","@types/superagent":"^4.1.15","@types/supports-color":"^8.1.1","@types/svg-parser":"^2.0.3","@types/svg-tags":"^1.0.0","@types/svgo":"^2.6.2","@types/symbol-tree":"^3.2.2","@types/tailwindcss":"^3.0.9","@types/tapable":"^2.2.2","@types/tar":"^6.1.1","@types/testing-library__jest-dom":"^5.14.2","@types/text-table":"^0.2.2","@types/throttleit":"^1.0.0","@types/through":"^0.0.30","@types/through2":"^2.0.36","@types/thunky":"^1.1.0","@types/timsort":"^0.3.0","@types/tmp":"^0.2.3","@types/tmpl":"^1.0.0","@types/to-regex":"^3.0.0","@types/to-regex-range":"^5.0.0","@types/tough-cookie":"^4.0.1","@types/tryer":"^1.0.2","@types/type-check":"^0.3.27","@types/type-detect":"^4.0.1","@types/type-is":"^1.6.3","@types/ua-parser-js":"^0.7.36","@types/uglify-js":"^3.13.1","@types/uniq":"^0.0.27","@types/universalify":"^1.0.0","@types/urix":"^0.1.0","@types/url-join":"^4.0.1","@types/url-parse":"^1.4.8","@types/util-deprecate":"^1.0.0","@types/util.promisify":"^1.0.4","@types/utils-merge":"^0.0.28","@types/uuid":"^8.3.4","@types/validate-npm-package-license":"^3.0.1","@types/validator":"^13.7.1","@types/vary":"^1.1.0","@types/verror":"^1.10.5","@types/vue-datetime":"^1.0.1","@types/w3c-hr-time":"^1.0.0","@types/w3c-xmlserializer":"^2.0.2","@types/watchpack":"^1.1.7","@types/wcwidth":"^1.0.0","@types/webidl-conversions":"^6.1.1","@types/webpack":"^5.28.0","@types/webpack-bundle-analyzer":"^4.4.1","@types/webpack-dev-middleware":"^5.0.2","@types/webpack-dev-server":"^4.5.0","@types/webpack-manifest-plugin":"^3.0.5","@types/webpack-sources":"^3.2.0","@types/whatwg-encoding":"^1.0.0","@types/whatwg-mimetype":"^2.1.1","@types/whatwg-url":"^8.2.1","@types/which":"^2.0.1","@types/workbox-build":"^5.0.1","@types/workbox-core":"^4.3.1","@types/workbox-sw":"^4.3.2","@types/workbox-webpack-plugin":"^5.1.8","@types/wrap-ansi":"^8.0.1","@types/write":"^2.0.1","@types/write-file-atomic":"^4.0.0","@types/ws":"^8.5.3","@types/xtend":"^4.0.4","@types/yallist":"^4.0.1","@types/yargs":"^17.0.10","@types/yargs-parser":"^21.0.0","@types/yauzl":"^2.9.2"}}
[15:23:53.034] Loaded content of '/home/erik/.cache/typescript/4.2/package-lock.json'
[15:23:53.042] Adding entry into typings cache: 'abbrev' => '/home/erik/.cache/typescript/4.2/node_modules/@types/abbrev/index.d.ts'
[15:23:53.044] Adding entry into typings cache: 'accepts' => '/home/erik/.cache/typescript/4.2/node_modules/@types/accepts/index.d.ts'
[15:23:53.046] Adding entry into typings cache: 'acorn' => '/home/erik/.cache/typescript/4.2/node_modules/acorn/dist/acorn.d.ts'
[15:23:53.048] Adding entry into typings cache: 'agent-base' => '/home/erik/.cache/typescript/4.2/node_modules/@types/agent-base/index.d.ts'
[15:23:53.049] Adding entry into typings cache: 'are-we-there-yet' => '/home/erik/.cache/typescript/4.2/node_modules/@types/are-we-there-yet/index.d.ts'
[15:23:53.051] Adding entry into typings cache: 'argparse' => '/home/erik/.cache/typescript/4.2/node_modules/@types/argparse/index.d.ts'
[15:23:53.052] Adding entry into typings cache: 'aria-query' => '/home/erik/.cache/typescript/4.2/node_modules/@types/aria-query/index.d.ts'
[15:23:53.055] Adding entry into typings cache: 'arr-diff' => '/home/erik/.cache/typescript/4.2/node_modules/@types/arr-diff/index.d.ts'
[15:23:53.058] Adding entry into typings cache: 'arr-union' => '/home/erik/.cache/typescript/4.2/node_modules/@types/arr-union/index.d.ts'
[15:23:53.060] Adding entry into typings cache: 'array-unique' => '/home/erik/.cache/typescript/4.2/node_modules/@types/array-unique/index.d.ts'
[15:23:53.061] Adding entry into typings cache: 'array.prototype.flat' => '/home/erik/.cache/typescript/4.2/node_modules/@types/array.prototype.flat/index.d.ts'
[15:23:53.062] Adding entry into typings cache: 'array.prototype.flatmap' => '/home/erik/.cache/typescript/4.2/node_modules/@types/array.prototype.flatmap/index.d.ts'
[15:23:53.062] Adding entry into typings cache: 'asap' => '/home/erik/.cache/typescript/4.2/node_modules/@types/asap/index.d.ts'
[15:23:53.063] Adding entry into typings cache: 'asn1' => '/home/erik/.cache/typescript/4.2/node_modules/@types/asn1/index.d.ts'
[15:23:53.064] Adding entry into typings cache: 'assert' => '/home/erik/.cache/typescript/4.2/node_modules/@types/assert/index.d.ts'
[15:23:53.065] Adding entry into typings cache: 'assert-plus' => '/home/erik/.cache/typescript/4.2/node_modules/@types/assert-plus/index.d.ts'
[15:23:53.066] Adding entry into typings cache: 'async' => '/home/erik/.cache/typescript/4.2/node_modules/@types/async/index.d.ts'
[15:23:53.068] Adding entry into typings cache: 'atob' => '/home/erik/.cache/typescript/4.2/node_modules/@types/atob/index.d.ts'
[15:23:53.069] Adding entry into typings cache: 'auth0-js' => '/home/erik/.cache/typescript/4.2/node_modules/@types/auth0-js/index.d.ts'
[15:23:53.070] Adding entry into typings cache: 'aws4' => '/home/erik/.cache/typescript/4.2/node_modules/@types/aws4/index.d.ts'
[15:23:53.071] Adding entry into typings cache: 'babel__core' => '/home/erik/.cache/typescript/4.2/node_modules/@types/babel__core/index.d.ts'
[15:23:53.071] Adding entry into typings cache: 'babel__preset-env' => '/home/erik/.cache/typescript/4.2/node_modules/@types/babel__preset-env/index.d.ts'
[15:23:53.072] Adding entry into typings cache: 'babel__template' => '/home/erik/.cache/typescript/4.2/node_modules/@types/babel__template/index.d.ts'
[15:23:53.074] Adding entry into typings cache: 'babel__traverse' => '/home/erik/.cache/typescript/4.2/node_modules/@types/babel__traverse/index.d.ts'
[15:23:53.075] Adding entry into typings cache: 'babel-code-frame' => '/home/erik/.cache/typescript/4.2/node_modules/@types/babel-code-frame/index.d.ts'
[15:23:53.076] Adding entry into typings cache: 'babel-core' => '/home/erik/.cache/typescript/4.2/node_modules/@types/babel-core/index.d.ts'
[15:23:53.077] Adding entry into typings cache: 'babel-plugin-macros' => '/home/erik/.cache/typescript/4.2/node_modules/@types/babel-plugin-macros/index.d.ts'
[15:23:53.078] Adding entry into typings cache: 'babel-template' => '/home/erik/.cache/typescript/4.2/node_modules/@types/babel-template/index.d.ts'
[15:23:53.079] Adding entry into typings cache: 'babel-traverse' => '/home/erik/.cache/typescript/4.2/node_modules/@types/babel-traverse/index.d.ts'
[15:23:53.079] Adding entry into typings cache: 'babel-types' => '/home/erik/.cache/typescript/4.2/node_modules/@types/babel-types/index.d.ts'
[15:23:53.080] Adding entry into typings cache: 'babylon' => '/home/erik/.cache/typescript/4.2/node_modules/@types/babylon/index.d.ts'
[15:23:53.081] Adding entry into typings cache: 'balanced-match' => '/home/erik/.cache/typescript/4.2/node_modules/@types/balanced-match/index.d.ts'
[15:23:53.081] Adding entry into typings cache: 'big.js' => '/home/erik/.cache/typescript/4.2/node_modules/@types/big.js/index.d.ts'
[15:23:53.082] Adding entry into typings cache: 'bindings' => '/home/erik/.cache/typescript/4.2/node_modules/@types/bindings/index.d.ts'
[15:23:53.083] Adding entry into typings cache: 'bluebird' => '/home/erik/.cache/typescript/4.2/node_modules/@types/bluebird/index.d.ts'
[15:23:53.084] Adding entry into typings cache: 'bn.js' => '/home/erik/.cache/typescript/4.2/node_modules/@types/bn.js/index.d.ts'
[15:23:53.085] Adding entry into typings cache: 'body-parser' => '/home/erik/.cache/typescript/4.2/node_modules/@types/body-parser/index.d.ts'
[15:23:53.086] Adding entry into typings cache: 'bonjour' => '/home/erik/.cache/typescript/4.2/node_modules/@types/bonjour/index.d.ts'
[15:23:53.087] Adding entry into typings cache: 'boolbase' => '/home/erik/.cache/typescript/4.2/node_modules/@types/boolbase/index.d.ts'
[15:23:53.088] Adding entry into typings cache: 'bootstrap' => '/home/erik/.cache/typescript/4.2/node_modules/@types/bootstrap/index.d.ts'
[15:23:53.088] Adding entry into typings cache: 'bootstrap-datepicker' => '/home/erik/.cache/typescript/4.2/node_modules/@types/bootstrap-datepicker/index.d.ts'
[15:23:53.089] Adding entry into typings cache: 'brace-expansion' => '/home/erik/.cache/typescript/4.2/node_modules/@types/brace-expansion/index.d.ts'
[15:23:53.091] Adding entry into typings cache: 'braces' => '/home/erik/.cache/typescript/4.2/node_modules/@types/braces/index.d.ts'
[15:23:53.092] Adding entry into typings cache: 'braintree-web' => '/home/erik/.cache/typescript/4.2/node_modules/@types/braintree-web/index.d.ts'
[15:23:53.092] Adding entry into typings cache: 'brorand' => '/home/erik/.cache/typescript/4.2/node_modules/@types/brorand/index.d.ts'
[15:23:53.093] Adding entry into typings cache: 'browser-resolve' => '/home/erik/.cache/typescript/4.2/node_modules/@types/browser-resolve/index.d.ts'
[15:23:53.094] Adding entry into typings cache: 'bser' => '/home/erik/.cache/typescript/4.2/node_modules/@types/bser/index.d.ts'
[15:23:53.095] Adding entry into typings cache: 'buffer-crc32' => '/home/erik/.cache/typescript/4.2/node_modules/@types/buffer-crc32/index.d.ts'
[15:23:53.096] Adding entry into typings cache: 'buffer-from' => '/home/erik/.cache/typescript/4.2/node_modules/@types/buffer-from/index.d.ts'
[15:23:53.097] Adding entry into typings cache: 'buffer-json' => '/home/erik/.cache/typescript/4.2/node_modules/@types/buffer-json/index.d.ts'
[15:23:53.098] Adding entry into typings cache: 'buffer-xor' => '/home/erik/.cache/typescript/4.2/node_modules/@types/buffer-xor/index.d.ts'
[15:23:53.099] Adding entry into typings cache: 'bytes' => '/home/erik/.cache/typescript/4.2/node_modules/@types/bytes/index.d.ts'
[15:23:53.100] Adding entry into typings cache: 'cacache' => '/home/erik/.cache/typescript/4.2/node_modules/@types/cacache/index.d.ts'
[15:23:53.100] Adding entry into typings cache: 'call-bind' => '/home/erik/.cache/typescript/4.2/node_modules/@types/call-bind/index.d.ts'
[15:23:53.101] Adding entry into typings cache: 'camelcase-css' => '/home/erik/.cache/typescript/4.2/node_modules/@types/camelcase-css/index.d.ts'
[15:23:53.102] Adding entry into typings cache: 'caniuse-api' => '/home/erik/.cache/typescript/4.2/node_modules/@types/caniuse-api/index.d.ts'
[15:23:53.104] Adding entry into typings cache: 'caniuse-lite' => '/home/erik/.cache/typescript/4.2/node_modules/@types/caniuse-lite/index.d.ts'
[15:23:53.105] Adding entry into typings cache: 'case-sensitive-paths-webpack-plugin' => '/home/erik/.cache/typescript/4.2/node_modules/@types/case-sensitive-paths-webpack-plugin/index.d.ts'
[15:23:53.106] Adding entry into typings cache: 'caseless' => '/home/erik/.cache/typescript/4.2/node_modules/@types/caseless/index.d.ts'
[15:23:53.107] Adding entry into typings cache: 'chardet' => '/home/erik/.cache/typescript/4.2/node_modules/@types/chardet/index.d.ts'
[15:23:53.108] Adding entry into typings cache: 'check-types' => '/home/erik/.cache/typescript/4.2/node_modules/@types/check-types/index.d.ts'
[15:23:53.109] Adding entry into typings cache: 'chownr' => '/home/erik/.cache/typescript/4.2/node_modules/@types/chownr/index.d.ts'
[15:23:53.110] Adding entry into typings cache: 'cipher-base' => '/home/erik/.cache/typescript/4.2/node_modules/@types/cipher-base/index.d.ts'
[15:23:53.110] Adding entry into typings cache: 'clean-css' => '/home/erik/.cache/typescript/4.2/node_modules/@types/clean-css/index.d.ts'
[15:23:53.111] Adding entry into typings cache: 'cli-spinners' => '/home/erik/.cache/typescript/4.2/node_modules/@types/cli-spinners/index.d.ts'
[15:23:53.112] Adding entry into typings cache: 'clone' => '/home/erik/.cache/typescript/4.2/node_modules/@types/clone/index.d.ts'
[15:23:53.113] Adding entry into typings cache: 'clone-deep' => '/home/erik/.cache/typescript/4.2/node_modules/@types/clone-deep/index.d.ts'
[15:23:53.114] Adding entry into typings cache: 'co' => '/home/erik/.cache/typescript/4.2/node_modules/@types/co/index.d.ts'
[15:23:53.115] Adding entry into typings cache: 'color' => '/home/erik/.cache/typescript/4.2/node_modules/@types/color/index.d.ts'
[15:23:53.117] Adding entry into typings cache: 'color-convert' => '/home/erik/.cache/typescript/4.2/node_modules/@types/color-convert/index.d.ts'
[15:23:53.118] Adding entry into typings cache: 'color-name' => '/home/erik/.cache/typescript/4.2/node_modules/@types/color-name/index.d.ts'
[15:23:53.119] Adding entry into typings cache: 'color-string' => '/home/erik/.cache/typescript/4.2/node_modules/@types/color-string/index.d.ts'
[15:23:53.121] Adding entry into typings cache: 'combined-stream' => '/home/erik/.cache/typescript/4.2/node_modules/@types/combined-stream/index.d.ts'
[15:23:53.122] Adding entry into typings cache: 'common-tags' => '/home/erik/.cache/typescript/4.2/node_modules/@types/common-tags/index.d.ts'
[15:23:53.122] Adding entry into typings cache: 'commondir' => '/home/erik/.cache/typescript/4.2/node_modules/@types/commondir/index.d.ts'
[15:23:53.124] Adding entry into typings cache: 'component-emitter' => '/home/erik/.cache/typescript/4.2/node_modules/@types/component-emitter/index.d.ts'
[15:23:53.124] Adding entry into typings cache: 'compose-function' => '/home/erik/.cache/typescript/4.2/node_modules/@types/compose-function/index.d.ts'
[15:23:53.125] Adding entry into typings cache: 'compressible' => '/home/erik/.cache/typescript/4.2/node_modules/@types/compressible/index.d.ts'
[15:23:53.126] Adding entry into typings cache: 'compression' => '/home/erik/.cache/typescript/4.2/node_modules/@types/compression/index.d.ts'
[15:23:53.127] Adding entry into typings cache: 'concat-map' => '/home/erik/.cache/typescript/4.2/node_modules/@types/concat-map/index.d.ts'
[15:23:53.127] Adding entry into typings cache: 'concat-stream' => '/home/erik/.cache/typescript/4.2/node_modules/@types/concat-stream/index.d.ts'
[15:23:53.128] Adding entry into typings cache: 'confusing-browser-globals' => '/home/erik/.cache/typescript/4.2/node_modules/@types/confusing-browser-globals/index.d.ts'
[15:23:53.129] Adding entry into typings cache: 'connect-history-api-fallback' => '/home/erik/.cache/typescript/4.2/node_modules/@types/connect-history-api-fallback/index.d.ts'
[15:23:53.130] Adding entry into typings cache: 'consolidate' => '/home/erik/.cache/typescript/4.2/node_modules/@types/consolidate/index.d.ts'
[15:23:53.131] Adding entry into typings cache: 'contains-path' => '/home/erik/.cache/typescript/4.2/node_modules/@types/contains-path/index.d.ts'
[15:23:53.132] Adding entry into typings cache: 'content-disposition' => '/home/erik/.cache/typescript/4.2/node_modules/@types/content-disposition/index.d.ts'
[15:23:53.132] Adding entry into typings cache: 'content-type' => '/home/erik/.cache/typescript/4.2/node_modules/@types/content-type/index.d.ts'
[15:23:53.133] Adding entry into typings cache: 'convert-source-map' => '/home/erik/.cache/typescript/4.2/node_modules/@types/convert-source-map/index.d.ts'
[15:23:53.133] Adding entry into typings cache: 'cookie' => '/home/erik/.cache/typescript/4.2/node_modules/@types/cookie/index.d.ts'
[15:23:53.134] Adding entry into typings cache: 'cookie-signature' => '/home/erik/.cache/typescript/4.2/node_modules/@types/cookie-signature/index.d.ts'
[15:23:53.135] Adding entry into typings cache: 'cookiejar' => '/home/erik/.cache/typescript/4.2/node_modules/@types/cookiejar/index.d.ts'
[15:23:53.135] Adding entry into typings cache: 'copy-webpack-plugin' => '/home/erik/.cache/typescript/4.2/node_modules/@types/copy-webpack-plugin/index.d.ts'
[15:23:53.136] Adding entry into typings cache: 'core-js' => '/home/erik/.cache/typescript/4.2/node_modules/@types/core-js/index.d.ts'
[15:23:53.137] Adding entry into typings cache: 'create-hash' => '/home/erik/.cache/typescript/4.2/node_modules/@types/create-hash/index.d.ts'
[15:23:53.137] Adding entry into typings cache: 'create-hmac' => '/home/erik/.cache/typescript/4.2/node_modules/@types/create-hmac/index.d.ts'
[15:23:53.138] Adding entry into typings cache: 'cross-spawn' => '/home/erik/.cache/typescript/4.2/node_modules/@types/cross-spawn/index.d.ts'
[15:23:53.139] Adding entry into typings cache: 'crypto-js' => '/home/erik/.cache/typescript/4.2/node_modules/@types/crypto-js/index.d.ts'
[15:23:53.139] Adding entry into typings cache: 'css' => '/home/erik/.cache/typescript/4.2/node_modules/@types/css/index.d.ts'
[15:23:53.140] Adding entry into typings cache: 'css-declaration-sorter' => '/home/erik/.cache/typescript/4.2/node_modules/@types/css-declaration-sorter/index.d.ts'
[15:23:53.141] Adding entry into typings cache: 'css-tree' => '/home/erik/.cache/typescript/4.2/node_modules/@types/css-tree/index.d.ts'
[15:23:53.141] Adding entry into typings cache: 'cssesc' => '/home/erik/.cache/typescript/4.2/node_modules/@types/cssesc/index.d.ts'
[15:23:53.142] Adding entry into typings cache: 'cssnano' => '/home/erik/.cache/typescript/4.2/node_modules/@types/cssnano/index.d.ts'
[15:23:53.143] Adding entry into typings cache: 'csso' => '/home/erik/.cache/typescript/4.2/node_modules/@types/csso/index.d.ts'
[15:23:53.143] Adding entry into typings cache: 'cssom' => '/home/erik/.cache/typescript/4.2/node_modules/@types/cssom/index.d.ts'
[15:23:53.144] Adding entry into typings cache: 'cssstyle' => '/home/erik/.cache/typescript/4.2/node_modules/@types/cssstyle/index.d.ts'
[15:23:53.145] Adding entry into typings cache: 'd' => '/home/erik/.cache/typescript/4.2/node_modules/@types/d/index.d.ts'
[15:23:53.146] Adding entry into typings cache: 'damerau-levenshtein' => '/home/erik/.cache/typescript/4.2/node_modules/@types/damerau-levenshtein/index.d.ts'
[15:23:53.146] Adding entry into typings cache: 'dashdash' => '/home/erik/.cache/typescript/4.2/node_modules/@types/dashdash/index.d.ts'
[15:23:53.147] Adding entry into typings cache: 'data-urls' => '/home/erik/.cache/typescript/4.2/node_modules/@types/data-urls/index.d.ts'
[15:23:53.148] Adding entry into typings cache: 'deasync' => '/home/erik/.cache/typescript/4.2/node_modules/@types/deasync/index.d.ts'
[15:23:53.149] Adding entry into typings cache: 'debug' => '/home/erik/.cache/typescript/4.2/node_modules/@types/debug/index.d.ts'
[15:23:53.150] Adding entry into typings cache: 'decode-uri-component' => '/home/erik/.cache/typescript/4.2/node_modules/@types/decode-uri-component/index.d.ts'
[15:23:53.151] Adding entry into typings cache: 'dedent' => '/home/erik/.cache/typescript/4.2/node_modules/@types/dedent/index.d.ts'
[15:23:53.151] Adding entry into typings cache: 'deep-equal' => '/home/erik/.cache/typescript/4.2/node_modules/@types/deep-equal/index.d.ts'
[15:23:53.152] Adding entry into typings cache: 'default-gateway' => '/home/erik/.cache/typescript/4.2/node_modules/@types/default-gateway/index.d.ts'
[15:23:53.153] Adding entry into typings cache: 'defaults' => '/home/erik/.cache/typescript/4.2/node_modules/@types/defaults/index.d.ts'
[15:23:53.153] Adding entry into typings cache: 'define-properties' => '/home/erik/.cache/typescript/4.2/node_modules/@types/define-properties/index.d.ts'
[15:23:53.154] Adding entry into typings cache: 'defined' => '/home/erik/.cache/typescript/4.2/node_modules/@types/defined/index.d.ts'
[15:23:53.155] Adding entry into typings cache: 'delegates' => '/home/erik/.cache/typescript/4.2/node_modules/@types/delegates/index.d.ts'
[15:23:53.155] Adding entry into typings cache: 'denodeify' => '/home/erik/.cache/typescript/4.2/node_modules/@types/denodeify/index.d.ts'
[15:23:53.156] Adding entry into typings cache: 'depd' => '/home/erik/.cache/typescript/4.2/node_modules/@types/depd/index.d.ts'
[15:23:53.156] Adding entry into typings cache: 'destroy' => '/home/erik/.cache/typescript/4.2/node_modules/@types/destroy/index.d.ts'
[15:23:53.157] Adding entry into typings cache: 'detect-node' => '/home/erik/.cache/typescript/4.2/node_modules/@types/detect-node/index.d.ts'
[15:23:53.158] Adding entry into typings cache: 'detective' => '/home/erik/.cache/typescript/4.2/node_modules/@types/detective/index.d.ts'
[15:23:53.158] Adding entry into typings cache: 'didyoumean' => '/home/erik/.cache/typescript/4.2/node_modules/@types/didyoumean/index.d.ts'
[15:23:53.159] Adding entry into typings cache: 'diff' => '/home/erik/.cache/typescript/4.2/node_modules/@types/diff/index.d.ts'
[15:23:53.160] Adding entry into typings cache: 'diffie-hellman' => '/home/erik/.cache/typescript/4.2/node_modules/@types/diffie-hellman/index.d.ts'
[15:23:53.161] Adding entry into typings cache: 'dir-glob' => '/home/erik/.cache/typescript/4.2/node_modules/@types/dir-glob/index.d.ts'
[15:23:53.161] Adding entry into typings cache: 'dns-packet' => '/home/erik/.cache/typescript/4.2/node_modules/@types/dns-packet/index.d.ts'
[15:23:53.162] Adding entry into typings cache: 'doctrine' => '/home/erik/.cache/typescript/4.2/node_modules/@types/doctrine/index.d.ts'
[15:23:53.162] Adding entry into typings cache: 'domexception' => '/home/erik/.cache/typescript/4.2/node_modules/@types/domexception/index.d.ts'
[15:23:53.164] Adding entry into typings cache: 'domhandler' => '/home/erik/.cache/typescript/4.2/node_modules/@types/domhandler/index.d.ts'
[15:23:53.164] Adding entry into typings cache: 'domutils' => '/home/erik/.cache/typescript/4.2/node_modules/@types/domutils/index.d.ts'
[15:23:53.165] Adding entry into typings cache: 'duplexify' => '/home/erik/.cache/typescript/4.2/node_modules/@types/duplexify/index.d.ts'
[15:23:53.165] Adding entry into typings cache: 'ee-first' => '/home/erik/.cache/typescript/4.2/node_modules/@types/ee-first/index.d.ts'
[15:23:53.166] Adding entry into typings cache: 'ejs' => '/home/erik/.cache/typescript/4.2/node_modules/@types/ejs/index.d.ts'
[15:23:53.167] Adding entry into typings cache: 'elliptic' => '/home/erik/.cache/typescript/4.2/node_modules/@types/elliptic/index.d.ts'
[15:23:53.167] Adding entry into typings cache: 'encodeurl' => '/home/erik/.cache/typescript/4.2/node_modules/@types/encodeurl/index.d.ts'
[15:23:53.168] Adding entry into typings cache: 'end-of-stream' => '/home/erik/.cache/typescript/4.2/node_modules/@types/end-of-stream/index.d.ts'
[15:23:53.169] Adding entry into typings cache: 'enhanced-resolve' => '/home/erik/.cache/typescript/4.2/node_modules/enhanced-resolve/types.d.ts'
[15:23:53.170] Adding entry into typings cache: 'eonasdan-bootstrap-datetimepicker' => '/home/erik/.cache/typescript/4.2/node_modules/@types/eonasdan-bootstrap-datetimepicker/index.d.ts'
[15:23:53.170] Adding entry into typings cache: 'es-abstract' => '/home/erik/.cache/typescript/4.2/node_modules/@types/es-abstract/index.d.ts'
[15:23:53.171] Adding entry into typings cache: 'es-to-primitive' => '/home/erik/.cache/typescript/4.2/node_modules/@types/es-to-primitive/index.d.ts'
[15:23:53.172] Adding entry into typings cache: 'escape-html' => '/home/erik/.cache/typescript/4.2/node_modules/@types/escape-html/index.d.ts'
[15:23:53.172] Adding entry into typings cache: 'escodegen' => '/home/erik/.cache/typescript/4.2/node_modules/@types/escodegen/index.d.ts'
[15:23:53.173] Adding entry into typings cache: 'eslint' => '/home/erik/.cache/typescript/4.2/node_modules/@types/eslint/index.d.ts'
[15:23:53.174] Adding entry into typings cache: 'eslint-scope' => '/home/erik/.cache/typescript/4.2/node_modules/@types/eslint-scope/index.d.ts'
[15:23:53.175] Adding entry into typings cache: 'eslint-utils' => '/home/erik/.cache/typescript/4.2/node_modules/@types/eslint-utils/index.d.ts'
[15:23:53.176] Adding entry into typings cache: 'eslint-visitor-keys' => '/home/erik/.cache/typescript/4.2/node_modules/@types/eslint-visitor-keys/index.d.ts'
[15:23:53.176] Adding entry into typings cache: 'esprima' => '/home/erik/.cache/typescript/4.2/node_modules/@types/esprima/index.d.ts'
[15:23:53.177] Adding entry into typings cache: 'esquery' => '/home/erik/.cache/typescript/4.2/node_modules/@types/esquery/index.d.ts'
[15:23:53.179] Adding entry into typings cache: 'estraverse' => '/home/erik/.cache/typescript/4.2/node_modules/@types/estraverse/index.d.ts'
[15:23:53.180] Adding entry into typings cache: 'esutils' => '/home/erik/.cache/typescript/4.2/node_modules/@types/esutils/index.d.ts'
[15:23:53.181] Adding entry into typings cache: 'etag' => '/home/erik/.cache/typescript/4.2/node_modules/@types/etag/index.d.ts'
[15:23:53.182] Adding entry into typings cache: 'events' => '/home/erik/.cache/typescript/4.2/node_modules/@types/events/index.d.ts'
[15:23:53.182] Adding entry into typings cache: 'eventsource' => '/home/erik/.cache/typescript/4.2/node_modules/@types/eventsource/index.d.ts'
[15:23:53.183] Adding entry into typings cache: 'exit' => '/home/erik/.cache/typescript/4.2/node_modules/@types/exit/index.d.ts'
[15:23:53.184] Adding entry into typings cache: 'express' => '/home/erik/.cache/typescript/4.2/node_modules/@types/express/index.d.ts'
[15:23:53.184] Adding entry into typings cache: 'extend' => '/home/erik/.cache/typescript/4.2/node_modules/@types/extend/index.d.ts'
[15:23:53.185] Adding entry into typings cache: 'extsprintf' => '/home/erik/.cache/typescript/4.2/node_modules/@types/extsprintf/index.d.ts'
[15:23:53.185] Adding entry into typings cache: 'fast-levenshtein' => '/home/erik/.cache/typescript/4.2/node_modules/@types/fast-levenshtein/index.d.ts'
[15:23:53.186] Adding entry into typings cache: 'fast-text-encoding' => '/home/erik/.cache/typescript/4.2/node_modules/@types/fast-text-encoding/index.d.ts'
[15:23:53.187] Adding entry into typings cache: 'fb-watchman' => '/home/erik/.cache/typescript/4.2/node_modules/@types/fb-watchman/index.d.ts'
[15:23:53.187] Adding entry into typings cache: 'fbemitter' => '/home/erik/.cache/typescript/4.2/node_modules/@types/fbemitter/index.d.ts'
[15:23:53.188] Adding entry into typings cache: 'fibers' => '/home/erik/.cache/typescript/4.2/node_modules/@types/fibers/index.d.ts'
[15:23:53.188] Adding entry into typings cache: 'file-entry-cache' => '/home/erik/.cache/typescript/4.2/node_modules/@types/file-entry-cache/index.d.ts'
[15:23:53.189] Adding entry into typings cache: 'file-loader' => '/home/erik/.cache/typescript/4.2/node_modules/@types/file-loader/index.d.ts'
[15:23:53.190] Adding entry into typings cache: 'fill-range' => '/home/erik/.cache/typescript/4.2/node_modules/@types/fill-range/index.d.ts'
[15:23:53.191] Adding entry into typings cache: 'finalhandler' => '/home/erik/.cache/typescript/4.2/node_modules/@types/finalhandler/index.d.ts'
[15:23:53.191] Adding entry into typings cache: 'find-cache-dir' => '/home/erik/.cache/typescript/4.2/node_modules/@types/find-cache-dir/index.d.ts'
[15:23:53.192] Adding entry into typings cache: 'find-root' => '/home/erik/.cache/typescript/4.2/node_modules/@types/find-root/index.d.ts'
[15:23:53.192] Adding entry into typings cache: 'flat-cache' => '/home/erik/.cache/typescript/4.2/node_modules/@types/flat-cache/index.d.ts'
[15:23:53.193] Adding entry into typings cache: 'flush-write-stream' => '/home/erik/.cache/typescript/4.2/node_modules/@types/flush-write-stream/index.d.ts'
[15:23:53.194] Adding entry into typings cache: 'follow-redirects' => '/home/erik/.cache/typescript/4.2/node_modules/@types/follow-redirects/index.d.ts'
[15:23:53.195] Adding entry into typings cache: 'forever-agent' => '/home/erik/.cache/typescript/4.2/node_modules/@types/forever-agent/index.d.ts'
[15:23:53.195] Adding entry into typings cache: 'formidable' => '/home/erik/.cache/typescript/4.2/node_modules/@types/formidable/index.d.ts'
[15:23:53.196] Adding entry into typings cache: 'forwarded' => '/home/erik/.cache/typescript/4.2/node_modules/@types/forwarded/index.d.ts'
[15:23:53.196] Adding entry into typings cache: 'fresh' => '/home/erik/.cache/typescript/4.2/node_modules/@types/fresh/index.d.ts'
[15:23:53.197] Adding entry into typings cache: 'from2' => '/home/erik/.cache/typescript/4.2/node_modules/@types/from2/index.d.ts'
[15:23:53.198] Adding entry into typings cache: 'fs-extra' => '/home/erik/.cache/typescript/4.2/node_modules/@types/fs-extra/index.d.ts'
[15:23:53.198] Adding entry into typings cache: 'function-bind' => '/home/erik/.cache/typescript/4.2/node_modules/@types/function-bind/index.d.ts'
[15:23:53.199] Adding entry into typings cache: 'functional-red-black-tree' => '/home/erik/.cache/typescript/4.2/node_modules/@types/functional-red-black-tree/index.d.ts'
[15:23:53.199] Adding entry into typings cache: 'gaze' => '/home/erik/.cache/typescript/4.2/node_modules/@types/gaze/index.d.ts'
[15:23:53.200] Adding entry into typings cache: 'get-intrinsic' => '/home/erik/.cache/typescript/4.2/node_modules/@types/get-intrinsic/index.d.ts'
[15:23:53.201] Adding entry into typings cache: 'get-value' => '/home/erik/.cache/typescript/4.2/node_modules/@types/get-value/index.d.ts'
[15:23:53.202] Adding entry into typings cache: 'getos' => '/home/erik/.cache/typescript/4.2/node_modules/@types/getos/index.d.ts'
[15:23:53.202] Adding entry into typings cache: 'getpass' => '/home/erik/.cache/typescript/4.2/node_modules/@types/getpass/index.d.ts'
[15:23:53.203] Adding entry into typings cache: 'glob' => '/home/erik/.cache/typescript/4.2/node_modules/@types/glob/index.d.ts'
[15:23:53.204] Adding entry into typings cache: 'glob-parent' => '/home/erik/.cache/typescript/4.2/node_modules/@types/glob-parent/index.d.ts'
[15:23:53.206] Adding entry into typings cache: 'glob-to-regexp' => '/home/erik/.cache/typescript/4.2/node_modules/@types/glob-to-regexp/index.d.ts'
[15:23:53.206] Adding entry into typings cache: 'global-modules' => '/home/erik/.cache/typescript/4.2/node_modules/@types/global-modules/index.d.ts'
[15:23:53.207] Adding entry into typings cache: 'global-prefix' => '/home/erik/.cache/typescript/4.2/node_modules/@types/global-prefix/index.d.ts'
[15:23:53.207] Adding entry into typings cache: 'globule' => '/home/erik/.cache/typescript/4.2/node_modules/@types/globule/index.d.ts'
[15:23:53.208] Adding entry into typings cache: 'graceful-fs' => '/home/erik/.cache/typescript/4.2/node_modules/@types/graceful-fs/index.d.ts'
[15:23:53.209] Adding entry into typings cache: 'has' => '/home/erik/.cache/typescript/4.2/node_modules/@types/has/index.d.ts'
[15:23:53.209] Adding entry into typings cache: 'has-ansi' => '/home/erik/.cache/typescript/4.2/node_modules/@types/has-ansi/index.d.ts'
[15:23:53.210] Adding entry into typings cache: 'has-symbols' => '/home/erik/.cache/typescript/4.2/node_modules/@types/has-symbols/index.d.ts'
[15:23:53.210] Adding entry into typings cache: 'hash-sum' => '/home/erik/.cache/typescript/4.2/node_modules/@types/hash-sum/index.d.ts'
[15:23:53.211] Adding entry into typings cache: 'he' => '/home/erik/.cache/typescript/4.2/node_modules/@types/he/index.d.ts'
[15:23:53.211] Adding entry into typings cache: 'hex-color-regex' => '/home/erik/.cache/typescript/4.2/node_modules/@types/hex-color-regex/index.d.ts'
[15:23:53.212] Adding entry into typings cache: 'history' => '/home/erik/.cache/typescript/4.2/node_modules/@types/history/index.d.ts'
[15:23:53.213] Adding entry into typings cache: 'hoist-non-react-statics' => '/home/erik/.cache/typescript/4.2/node_modules/@types/hoist-non-react-statics/index.d.ts'
[15:23:53.214] Adding entry into typings cache: 'hosted-git-info' => '/home/erik/.cache/typescript/4.2/node_modules/@types/hosted-git-info/index.d.ts'
[15:23:53.215] Adding entry into typings cache: 'html-encoding-sniffer' => '/home/erik/.cache/typescript/4.2/node_modules/@types/html-encoding-sniffer/index.d.ts'
[15:23:53.217] Adding entry into typings cache: 'html-escaper' => '/home/erik/.cache/typescript/4.2/node_modules/@types/html-escaper/index.d.ts'
[15:23:53.218] Adding entry into typings cache: 'html-minifier' => '/home/erik/.cache/typescript/4.2/node_modules/@types/html-minifier/index.d.ts'
[15:23:53.219] Adding entry into typings cache: 'html-minifier-terser' => '/home/erik/.cache/typescript/4.2/node_modules/@types/html-minifier-terser/index.d.ts'
[15:23:53.221] Adding entry into typings cache: 'html-webpack-plugin' => '/home/erik/.cache/typescript/4.2/node_modules/@types/html-webpack-plugin/index.d.ts'
[15:23:53.223] Adding entry into typings cache: 'htmlparser2' => '/home/erik/.cache/typescript/4.2/node_modules/@types/htmlparser2/index.d.ts'
[15:23:53.224] Adding entry into typings cache: 'http-errors' => '/home/erik/.cache/typescript/4.2/node_modules/@types/http-errors/index.d.ts'
[15:23:53.227] Adding entry into typings cache: 'http-proxy' => '/home/erik/.cache/typescript/4.2/node_modules/@types/http-proxy/index.d.ts'
[15:23:53.228] Adding entry into typings cache: 'icss-utils' => '/home/erik/.cache/typescript/4.2/node_modules/@types/icss-utils/index.d.ts'
[15:23:53.229] Adding entry into typings cache: 'iferr' => '/home/erik/.cache/typescript/4.2/node_modules/@types/iferr/index.d.ts'
[15:23:53.229] Adding entry into typings cache: 'immediate' => '/home/erik/.cache/typescript/4.2/node_modules/@types/immediate/index.d.ts'
[15:23:53.230] Adding entry into typings cache: 'imurmurhash' => '/home/erik/.cache/typescript/4.2/node_modules/@types/imurmurhash/index.d.ts'
[15:23:53.231] Adding entry into typings cache: 'inherits' => '/home/erik/.cache/typescript/4.2/node_modules/@types/inherits/index.d.ts'
[15:23:53.231] Adding entry into typings cache: 'ini' => '/home/erik/.cache/typescript/4.2/node_modules/@types/ini/index.d.ts'
[15:23:53.232] Adding entry into typings cache: 'inquirer' => '/home/erik/.cache/typescript/4.2/node_modules/@types/inquirer/index.d.ts'
[15:23:53.232] Adding entry into typings cache: 'internal-slot' => '/home/erik/.cache/typescript/4.2/node_modules/@types/internal-slot/index.d.ts'
[15:23:53.233] Adding entry into typings cache: 'interpret' => '/home/erik/.cache/typescript/4.2/node_modules/@types/interpret/index.d.ts'
[15:23:53.234] Adding entry into typings cache: 'invariant' => '/home/erik/.cache/typescript/4.2/node_modules/@types/invariant/index.d.ts'
[15:23:53.235] Adding entry into typings cache: 'ip' => '/home/erik/.cache/typescript/4.2/node_modules/@types/ip/index.d.ts'
[15:23:53.235] Adding entry into typings cache: 'is-arguments' => '/home/erik/.cache/typescript/4.2/node_modules/@types/is-arguments/index.d.ts'
[15:23:53.236] Adding entry into typings cache: 'is-bigint' => '/home/erik/.cache/typescript/4.2/node_modules/@types/is-bigint/index.d.ts'
[15:23:53.236] Adding entry into typings cache: 'is-boolean-object' => '/home/erik/.cache/typescript/4.2/node_modules/@types/is-boolean-object/index.d.ts'
[15:23:53.238] Adding entry into typings cache: 'is-buffer' => '/home/erik/.cache/typescript/4.2/node_modules/@types/is-buffer/index.d.ts'
[15:23:53.238] Adding entry into typings cache: 'is-callable' => '/home/erik/.cache/typescript/4.2/node_modules/@types/is-callable/index.d.ts'
[15:23:53.238] Adding entry into typings cache: 'is-ci' => '/home/erik/.cache/typescript/4.2/node_modules/@types/is-ci/index.d.ts'
[15:23:53.239] Adding entry into typings cache: 'is-core-module' => '/home/erik/.cache/typescript/4.2/node_modules/@types/is-core-module/index.d.ts'
[15:23:53.240] Adding entry into typings cache: 'is-data-descriptor' => '/home/erik/.cache/typescript/4.2/node_modules/@types/is-data-descriptor/index.d.ts'
[15:23:53.240] Adding entry into typings cache: 'is-date-object' => '/home/erik/.cache/typescript/4.2/node_modules/@types/is-date-object/index.d.ts'
[15:23:53.241] Adding entry into typings cache: 'is-finite' => '/home/erik/.cache/typescript/4.2/node_modules/@types/is-finite/index.d.ts'
[15:23:53.242] Adding entry into typings cache: 'is-glob' => '/home/erik/.cache/typescript/4.2/node_modules/@types/is-glob/index.d.ts'
[15:23:53.243] Adding entry into typings cache: 'is-number' => '/home/erik/.cache/typescript/4.2/node_modules/@types/is-number/index.d.ts'
[15:23:53.243] Adding entry into typings cache: 'is-regex' => '/home/erik/.cache/typescript/4.2/node_modules/@types/is-regex/index.d.ts'
[15:23:53.244] Adding entry into typings cache: 'is-string' => '/home/erik/.cache/typescript/4.2/node_modules/@types/is-string/index.d.ts'
[15:23:53.244] Adding entry into typings cache: 'is-typedarray' => '/home/erik/.cache/typescript/4.2/node_modules/@types/is-typedarray/index.d.ts'
[15:23:53.245] Adding entry into typings cache: 'is-windows' => '/home/erik/.cache/typescript/4.2/node_modules/@types/is-windows/index.d.ts'
[15:23:53.246] Adding entry into typings cache: 'isarray' => '/home/erik/.cache/typescript/4.2/node_modules/@types/isarray/index.d.ts'
[15:23:53.247] Adding entry into typings cache: 'isexe' => '/home/erik/.cache/typescript/4.2/node_modules/@types/isexe/index.d.ts'
[15:23:53.247] Adding entry into typings cache: 'isomorphic-fetch' => '/home/erik/.cache/typescript/4.2/node_modules/@types/isomorphic-fetch/index.d.ts'
[15:23:53.248] Adding entry into typings cache: 'isstream' => '/home/erik/.cache/typescript/4.2/node_modules/@types/isstream/index.d.ts'
[15:23:53.248] Adding entry into typings cache: 'istanbul-lib-coverage' => '/home/erik/.cache/typescript/4.2/node_modules/@types/istanbul-lib-coverage/index.d.ts'
[15:23:53.249] Adding entry into typings cache: 'istanbul-lib-instrument' => '/home/erik/.cache/typescript/4.2/node_modules/@types/istanbul-lib-instrument/index.d.ts'
[15:23:53.249] Adding entry into typings cache: 'istanbul-lib-report' => '/home/erik/.cache/typescript/4.2/node_modules/@types/istanbul-lib-report/index.d.ts'
[15:23:53.250] Adding entry into typings cache: 'istanbul-lib-source-maps' => '/home/erik/.cache/typescript/4.2/node_modules/@types/istanbul-lib-source-maps/index.d.ts'
[15:23:53.250] Adding entry into typings cache: 'istanbul-reports' => '/home/erik/.cache/typescript/4.2/node_modules/@types/istanbul-reports/index.d.ts'
[15:23:53.251] Adding entry into typings cache: 'jest' => '/home/erik/.cache/typescript/4.2/node_modules/@types/jest/index.d.ts'
[15:23:53.252] Adding entry into typings cache: 'jquery' => '/home/erik/.cache/typescript/4.2/node_modules/@types/jquery/index.d.ts'
[15:23:53.253] Adding entry into typings cache: 'js-beautify' => '/home/erik/.cache/typescript/4.2/node_modules/@types/js-beautify/index.d.ts'
[15:23:53.253] Adding entry into typings cache: 'js-cookie' => '/home/erik/.cache/typescript/4.2/node_modules/@types/js-cookie/index.d.ts'
[15:23:53.254] Adding entry into typings cache: 'js-yaml' => '/home/erik/.cache/typescript/4.2/node_modules/@types/js-yaml/index.d.ts'
[15:23:53.254] Adding entry into typings cache: 'jsbn' => '/home/erik/.cache/typescript/4.2/node_modules/@types/jsbn/index.d.ts'
[15:23:53.255] Adding entry into typings cache: 'jsdom' => '/home/erik/.cache/typescript/4.2/node_modules/@types/jsdom/index.d.ts'
[15:23:53.255] Adding entry into typings cache: 'jsesc' => '/home/erik/.cache/typescript/4.2/node_modules/@types/jsesc/index.d.ts'
[15:23:53.256] Adding entry into typings cache: 'json-parse-better-errors' => '/home/erik/.cache/typescript/4.2/node_modules/@types/json-parse-better-errors/index.d.ts'
[15:23:53.257] Adding entry into typings cache: 'json-schema' => '/home/erik/.cache/typescript/4.2/node_modules/@types/json-schema/index.d.ts'
[15:23:53.257] Adding entry into typings cache: 'json-server' => '/home/erik/.cache/typescript/4.2/node_modules/@types/json-server/index.d.ts'
[15:23:53.258] Adding entry into typings cache: 'json-stringify-safe' => '/home/erik/.cache/typescript/4.2/node_modules/@types/json-stringify-safe/index.d.ts'
[15:23:53.259] Adding entry into typings cache: 'json3' => '/home/erik/.cache/typescript/4.2/node_modules/@types/json3/index.d.ts'
[15:23:53.259] Adding entry into typings cache: 'jsonfile' => '/home/erik/.cache/typescript/4.2/node_modules/@types/jsonfile/index.d.ts'
[15:23:53.260] Adding entry into typings cache: 'kind-of' => '/home/erik/.cache/typescript/4.2/node_modules/@types/kind-of/index.d.ts'
[15:23:53.261] Adding entry into typings cache: 'language-tags' => '/home/erik/.cache/typescript/4.2/node_modules/@types/language-tags/index.d.ts'
[15:23:53.261] Adding entry into typings cache: 'listr' => '/home/erik/.cache/typescript/4.2/node_modules/@types/listr/index.d.ts'
[15:23:53.263] Adding entry into typings cache: 'loader-runner' => '/home/erik/.cache/typescript/4.2/node_modules/@types/loader-runner/index.d.ts'
[15:23:53.263] Adding entry into typings cache: 'loader-utils' => '/home/erik/.cache/typescript/4.2/node_modules/@types/loader-utils/index.d.ts'
[15:23:53.264] Adding entry into typings cache: 'lodash' => '/home/erik/.cache/typescript/4.2/node_modules/@types/lodash/index.d.ts'
[15:23:53.264] Adding entry into typings cache: 'lodash.clonedeep' => '/home/erik/.cache/typescript/4.2/node_modules/@types/lodash.clonedeep/index.d.ts'
[15:23:53.265] Adding entry into typings cache: 'lodash.debounce' => '/home/erik/.cache/typescript/4.2/node_modules/@types/lodash.debounce/index.d.ts'
[15:23:53.266] Adding entry into typings cache: 'lodash.defaultsdeep' => '/home/erik/.cache/typescript/4.2/node_modules/@types/lodash.defaultsdeep/index.d.ts'
[15:23:53.266] Adding entry into typings cache: 'lodash.kebabcase' => '/home/erik/.cache/typescript/4.2/node_modules/@types/lodash.kebabcase/index.d.ts'
[15:23:53.268] Adding entry into typings cache: 'lodash.mapvalues' => '/home/erik/.cache/typescript/4.2/node_modules/@types/lodash.mapvalues/index.d.ts'
[15:23:53.268] Adding entry into typings cache: 'lodash.memoize' => '/home/erik/.cache/typescript/4.2/node_modules/@types/lodash.memoize/index.d.ts'
[15:23:53.269] Adding entry into typings cache: 'lodash.merge' => '/home/erik/.cache/typescript/4.2/node_modules/@types/lodash.merge/index.d.ts'
[15:23:53.270] Adding entry into typings cache: 'lodash.once' => '/home/erik/.cache/typescript/4.2/node_modules/@types/lodash.once/index.d.ts'
[15:23:53.271] Adding entry into typings cache: 'lodash.sortby' => '/home/erik/.cache/typescript/4.2/node_modules/@types/lodash.sortby/index.d.ts'
[15:23:53.271] Adding entry into typings cache: 'lodash.template' => '/home/erik/.cache/typescript/4.2/node_modules/@types/lodash.template/index.d.ts'
[15:23:53.272] Adding entry into typings cache: 'lodash.toarray' => '/home/erik/.cache/typescript/4.2/node_modules/@types/lodash.toarray/index.d.ts'
[15:23:53.272] Adding entry into typings cache: 'lodash.transform' => '/home/erik/.cache/typescript/4.2/node_modules/@types/lodash.transform/index.d.ts'
[15:23:53.273] Adding entry into typings cache: 'lodash.truncate' => '/home/erik/.cache/typescript/4.2/node_modules/@types/lodash.truncate/index.d.ts'
[15:23:53.273] Adding entry into typings cache: 'lodash.uniq' => '/home/erik/.cache/typescript/4.2/node_modules/@types/lodash.uniq/index.d.ts'
[15:23:53.273] Adding entry into typings cache: 'lru-cache' => '/home/erik/.cache/typescript/4.2/node_modules/@types/lru-cache/index.d.ts'
[15:23:53.274] Adding entry into typings cache: 'luxon' => '/home/erik/.cache/typescript/4.2/node_modules/@types/luxon/index.d.ts'
[15:23:53.275] Adding entry into typings cache: 'lz-string' => '/home/erik/.cache/typescript/4.2/node_modules/@types/lz-string/index.d.ts'
[15:23:53.275] Adding entry into typings cache: 'media-typer' => '/home/erik/.cache/typescript/4.2/node_modules/@types/media-typer/index.d.ts'
[15:23:53.276] Adding entry into typings cache: 'memory-fs' => '/home/erik/.cache/typescript/4.2/node_modules/@types/memory-fs/index.d.ts'
[15:23:53.277] Adding entry into typings cache: 'merge-descriptors' => '/home/erik/.cache/typescript/4.2/node_modules/@types/merge-descriptors/index.d.ts'
[15:23:53.278] Adding entry into typings cache: 'merge-stream' => '/home/erik/.cache/typescript/4.2/node_modules/@types/merge-stream/index.d.ts'
[15:23:53.278] Adding entry into typings cache: 'merge2' => '/home/erik/.cache/typescript/4.2/node_modules/@types/merge2/index.d.ts'
[15:23:53.279] Adding entry into typings cache: 'methods' => '/home/erik/.cache/typescript/4.2/node_modules/@types/methods/index.d.ts'
[15:23:53.280] Adding entry into typings cache: 'micromatch' => '/home/erik/.cache/typescript/4.2/node_modules/@types/micromatch/index.d.ts'
[15:23:53.281] Adding entry into typings cache: 'mime' => '/home/erik/.cache/typescript/4.2/node_modules/@types/mime/index.d.ts'
[15:23:53.282] Adding entry into typings cache: 'mime-db' => '/home/erik/.cache/typescript/4.2/node_modules/@types/mime-db/index.d.ts'
[15:23:53.283] Adding entry into typings cache: 'mime-types' => '/home/erik/.cache/typescript/4.2/node_modules/@types/mime-types/index.d.ts'
[15:23:53.283] Adding entry into typings cache: 'min-indent' => '/home/erik/.cache/typescript/4.2/node_modules/@types/min-indent/index.d.ts'
[15:23:53.284] Adding entry into typings cache: 'mini-css-extract-plugin' => '/home/erik/.cache/typescript/4.2/node_modules/@types/mini-css-extract-plugin/index.d.ts'
[15:23:53.284] Adding entry into typings cache: 'minimalistic-assert' => '/home/erik/.cache/typescript/4.2/node_modules/@types/minimalistic-assert/index.d.ts'
[15:23:53.285] Adding entry into typings cache: 'minimatch' => '/home/erik/.cache/typescript/4.2/node_modules/@types/minimatch/index.d.ts'
[15:23:53.286] Adding entry into typings cache: 'minimist' => '/home/erik/.cache/typescript/4.2/node_modules/@types/minimist/index.d.ts'
[15:23:53.287] Adding entry into typings cache: 'minipass' => '/home/erik/.cache/typescript/4.2/node_modules/@types/minipass/index.d.ts'
[15:23:53.288] Adding entry into typings cache: 'minizlib' => '/home/erik/.cache/typescript/4.2/node_modules/@types/minizlib/index.d.ts'
[15:23:53.289] Adding entry into typings cache: 'mkdirp' => '/home/erik/.cache/typescript/4.2/node_modules/@types/mkdirp/index.d.ts'
[15:23:53.289] Adding entry into typings cache: 'move-concurrently' => '/home/erik/.cache/typescript/4.2/node_modules/@types/move-concurrently/index.d.ts'
[15:23:53.291] Adding entry into typings cache: 'ms' => '/home/erik/.cache/typescript/4.2/node_modules/@types/ms/index.d.ts'
[15:23:53.292] Adding entry into typings cache: 'multicast-dns' => '/home/erik/.cache/typescript/4.2/node_modules/@types/multicast-dns/index.d.ts'
[15:23:53.293] Adding entry into typings cache: 'mute-stream' => '/home/erik/.cache/typescript/4.2/node_modules/@types/mute-stream/index.d.ts'
[15:23:53.293] Adding entry into typings cache: 'mz' => '/home/erik/.cache/typescript/4.2/node_modules/@types/mz/index.d.ts'
[15:23:53.294] Adding entry into typings cache: 'natural-compare' => '/home/erik/.cache/typescript/4.2/node_modules/@types/natural-compare/index.d.ts'
[15:23:53.294] Adding entry into typings cache: 'negotiator' => '/home/erik/.cache/typescript/4.2/node_modules/@types/negotiator/index.d.ts'
[15:23:53.295] Adding entry into typings cache: 'next-tick' => '/home/erik/.cache/typescript/4.2/node_modules/@types/next-tick/index.d.ts'
[15:23:53.295] Adding entry into typings cache: 'nice-try' => '/home/erik/.cache/typescript/4.2/node_modules/@types/nice-try/index.d.ts'
[15:23:53.296] Adding entry into typings cache: 'node-emoji' => '/home/erik/.cache/typescript/4.2/node_modules/@types/node-emoji/index.d.ts'
[15:23:53.296] Adding entry into typings cache: 'node-fetch' => '/home/erik/.cache/typescript/4.2/node_modules/@types/node-fetch/index.d.ts'
[15:23:53.297] Adding entry into typings cache: 'node-forge' => '/home/erik/.cache/typescript/4.2/node_modules/@types/node-forge/index.d.ts'
[15:23:53.297] Adding entry into typings cache: 'node-int64' => '/home/erik/.cache/typescript/4.2/node_modules/@types/node-int64/index.d.ts'
[15:23:53.298] Adding entry into typings cache: 'node-ipc' => '/home/erik/.cache/typescript/4.2/node_modules/@types/node-ipc/index.d.ts'
[15:23:53.298] Adding entry into typings cache: 'node-notifier' => '/home/erik/.cache/typescript/4.2/node_modules/@types/node-notifier/index.d.ts'
[15:23:53.299] Adding entry into typings cache: 'node-sass' => '/home/erik/.cache/typescript/4.2/node_modules/@types/node-sass/index.d.ts'
[15:23:53.299] Adding entry into typings cache: 'nopt' => '/home/erik/.cache/typescript/4.2/node_modules/@types/nopt/index.d.ts'
[15:23:53.300] Adding entry into typings cache: 'normalize-package-data' => '/home/erik/.cache/typescript/4.2/node_modules/@types/normalize-package-data/index.d.ts'
[15:23:53.301] Adding entry into typings cache: 'normalize-path' => '/home/erik/.cache/typescript/4.2/node_modules/@types/normalize-path/index.d.ts'
[15:23:53.301] Adding entry into typings cache: 'npmlog' => '/home/erik/.cache/typescript/4.2/node_modules/@types/npmlog/index.d.ts'
[15:23:53.302] Adding entry into typings cache: 'num2fraction' => '/home/erik/.cache/typescript/4.2/node_modules/@types/num2fraction/index.d.ts'
[15:23:53.302] Adding entry into typings cache: 'number-is-nan' => '/home/erik/.cache/typescript/4.2/node_modules/@types/number-is-nan/index.d.ts'
[15:23:53.303] Adding entry into typings cache: 'nwsapi' => '/home/erik/.cache/typescript/4.2/node_modules/@types/nwsapi/index.d.ts'
[15:23:53.303] Adding entry into typings cache: 'object-assign' => '/home/erik/.cache/typescript/4.2/node_modules/@types/object-assign/index.d.ts'
[15:23:53.304] Adding entry into typings cache: 'object-hash' => '/home/erik/.cache/typescript/4.2/node_modules/@types/object-hash/index.d.ts'
[15:23:53.304] Adding entry into typings cache: 'object-inspect' => '/home/erik/.cache/typescript/4.2/node_modules/@types/object-inspect/index.d.ts'
[15:23:53.305] Adding entry into typings cache: 'object-keys' => '/home/erik/.cache/typescript/4.2/node_modules/@types/object-keys/index.d.ts'
[15:23:53.306] Adding entry into typings cache: 'object.fromentries' => '/home/erik/.cache/typescript/4.2/node_modules/@types/object.fromentries/index.d.ts'
[15:23:53.306] Adding entry into typings cache: 'object.getownpropertydescriptors' => '/home/erik/.cache/typescript/4.2/node_modules/@types/object.getownpropertydescriptors/index.d.ts'
[15:23:53.307] Adding entry into typings cache: 'object.pick' => '/home/erik/.cache/typescript/4.2/node_modules/@types/object.pick/index.d.ts'
[15:23:53.307] Adding entry into typings cache: 'on-finished' => '/home/erik/.cache/typescript/4.2/node_modules/@types/on-finished/index.d.ts'
[15:23:53.308] Adding entry into typings cache: 'on-headers' => '/home/erik/.cache/typescript/4.2/node_modules/@types/on-headers/index.d.ts'
[15:23:53.308] Adding entry into typings cache: 'once' => '/home/erik/.cache/typescript/4.2/node_modules/@types/once/index.d.ts'
[15:23:53.309] Adding entry into typings cache: 'opener' => '/home/erik/.cache/typescript/4.2/node_modules/@types/opener/index.d.ts'
[15:23:53.309] Adding entry into typings cache: 'optimize-css-assets-webpack-plugin' => '/home/erik/.cache/typescript/4.2/node_modules/@types/optimize-css-assets-webpack-plugin/index.d.ts'
[15:23:53.310] Adding entry into typings cache: 'original' => '/home/erik/.cache/typescript/4.2/node_modules/@types/original/index.d.ts'
[15:23:53.310] Adding entry into typings cache: 'os-homedir' => '/home/erik/.cache/typescript/4.2/node_modules/@types/os-homedir/index.d.ts'
[15:23:53.311] Adding entry into typings cache: 'os-tmpdir' => '/home/erik/.cache/typescript/4.2/node_modules/@types/os-tmpdir/index.d.ts'
[15:23:53.312] Adding entry into typings cache: 'pako' => '/home/erik/.cache/typescript/4.2/node_modules/@types/pako/index.d.ts'
[15:23:53.312] Adding entry into typings cache: 'papaparse' => '/home/erik/.cache/typescript/4.2/node_modules/@types/papaparse/index.d.ts'
[15:23:53.313] Adding entry into typings cache: 'parallel-transform' => '/home/erik/.cache/typescript/4.2/node_modules/@types/parallel-transform/index.d.ts'
[15:23:53.313] Adding entry into typings cache: 'parse-json' => '/home/erik/.cache/typescript/4.2/node_modules/@types/parse-json/index.d.ts'
[15:23:53.314] Adding entry into typings cache: 'parse5' => '/home/erik/.cache/typescript/4.2/node_modules/@types/parse5/index.d.ts'
[15:23:53.315] Adding entry into typings cache: 'parse5-htmlparser2-tree-adapter' => '/home/erik/.cache/typescript/4.2/node_modules/@types/parse5-htmlparser2-tree-adapter/index.d.ts'
[15:23:53.316] Adding entry into typings cache: 'parseurl' => '/home/erik/.cache/typescript/4.2/node_modules/@types/parseurl/index.d.ts'
[15:23:53.317] Adding entry into typings cache: 'pascalcase' => '/home/erik/.cache/typescript/4.2/node_modules/@types/pascalcase/index.d.ts'
[15:23:53.317] Adding entry into typings cache: 'path-browserify' => '/home/erik/.cache/typescript/4.2/node_modules/@types/path-browserify/index.d.ts'
[15:23:53.318] Adding entry into typings cache: 'path-is-absolute' => '/home/erik/.cache/typescript/4.2/node_modules/@types/path-is-absolute/index.d.ts'
[15:23:53.319] Adding entry into typings cache: 'path-is-inside' => '/home/erik/.cache/typescript/4.2/node_modules/@types/path-is-inside/index.d.ts'
[15:23:53.319] Adding entry into typings cache: 'path-parse' => '/home/erik/.cache/typescript/4.2/node_modules/@types/path-parse/index.d.ts'
[15:23:53.320] Adding entry into typings cache: 'pbkdf2' => '/home/erik/.cache/typescript/4.2/node_modules/@types/pbkdf2/index.d.ts'
[15:23:53.320] Adding entry into typings cache: 'phoenix' => '/home/erik/.cache/typescript/4.2/node_modules/@types/phoenix/index.d.ts'
[15:23:53.321] Adding entry into typings cache: 'picomatch' => '/home/erik/.cache/typescript/4.2/node_modules/@types/picomatch/index.d.ts'
[15:23:53.322] Adding entry into typings cache: 'pify' => '/home/erik/.cache/typescript/4.2/node_modules/@types/pify/index.d.ts'
[15:23:53.322] Adding entry into typings cache: 'postcss-calc' => '/home/erik/.cache/typescript/4.2/node_modules/@types/postcss-calc/index.d.ts'
[15:23:53.323] Adding entry into typings cache: 'postcss-flexbugs-fixes' => '/home/erik/.cache/typescript/4.2/node_modules/@types/postcss-flexbugs-fixes/index.d.ts'
[15:23:53.323] Adding entry into typings cache: 'postcss-gap-properties' => '/home/erik/.cache/typescript/4.2/node_modules/@types/postcss-gap-properties/index.d.ts'
[15:23:53.324] Adding entry into typings cache: 'postcss-modules-extract-imports' => '/home/erik/.cache/typescript/4.2/node_modules/@types/postcss-modules-extract-imports/index.d.ts'
[15:23:53.324] Adding entry into typings cache: 'postcss-modules-local-by-default' => '/home/erik/.cache/typescript/4.2/node_modules/@types/postcss-modules-local-by-default/index.d.ts'
[15:23:53.325] Adding entry into typings cache: 'postcss-modules-scope' => '/home/erik/.cache/typescript/4.2/node_modules/@types/postcss-modules-scope/index.d.ts'
[15:23:53.325] Adding entry into typings cache: 'postcss-modules-values' => '/home/erik/.cache/typescript/4.2/node_modules/@types/postcss-modules-values/index.d.ts'
[15:23:53.326] Adding entry into typings cache: 'postcss-normalize' => '/home/erik/.cache/typescript/4.2/node_modules/@types/postcss-normalize/index.d.ts'
[15:23:53.326] Adding entry into typings cache: 'postcss-preset-env' => '/home/erik/.cache/typescript/4.2/node_modules/@types/postcss-preset-env/index.d.ts'
[15:23:53.327] Adding entry into typings cache: 'postcss-safe-parser' => '/home/erik/.cache/typescript/4.2/node_modules/@types/postcss-safe-parser/index.d.ts'
[15:23:53.327] Adding entry into typings cache: 'prelude-ls' => '/home/erik/.cache/typescript/4.2/node_modules/@types/prelude-ls/index.d.ts'
[15:23:53.328] Adding entry into typings cache: 'prettier' => '/home/erik/.cache/typescript/4.2/node_modules/@types/prettier/index.d.ts'
[15:23:53.328] Adding entry into typings cache: 'pretty' => '/home/erik/.cache/typescript/4.2/node_modules/@types/pretty/index.d.ts'
[15:23:53.329] Adding entry into typings cache: 'pretty-hrtime' => '/home/erik/.cache/typescript/4.2/node_modules/@types/pretty-hrtime/index.d.ts'
[15:23:53.329] Adding entry into typings cache: 'progress' => '/home/erik/.cache/typescript/4.2/node_modules/@types/progress/index.d.ts'
[15:23:53.330] Adding entry into typings cache: 'promise-inflight' => '/home/erik/.cache/typescript/4.2/node_modules/@types/promise-inflight/index.d.ts'
[15:23:53.330] Adding entry into typings cache: 'promise-polyfill' => '/home/erik/.cache/typescript/4.2/node_modules/@types/promise-polyfill/index.d.ts'
[15:23:53.331] Adding entry into typings cache: 'prompts' => '/home/erik/.cache/typescript/4.2/node_modules/@types/prompts/index.d.ts'
[15:23:53.331] Adding entry into typings cache: 'prop-types' => '/home/erik/.cache/typescript/4.2/node_modules/@types/prop-types/index.d.ts'
[15:23:53.332] Adding entry into typings cache: 'proxy-addr' => '/home/erik/.cache/typescript/4.2/node_modules/@types/proxy-addr/index.d.ts'
[15:23:53.332] Adding entry into typings cache: 'psl' => '/home/erik/.cache/typescript/4.2/node_modules/@types/psl/index.d.ts'
[15:23:53.333] Adding entry into typings cache: 'pump' => '/home/erik/.cache/typescript/4.2/node_modules/@types/pump/index.d.ts'
[15:23:53.334] Adding entry into typings cache: 'pumpify' => '/home/erik/.cache/typescript/4.2/node_modules/@types/pumpify/index.d.ts'
[15:23:53.335] Adding entry into typings cache: 'punycode' => '/home/erik/.cache/typescript/4.2/node_modules/@types/punycode/index.d.ts'
[15:23:53.335] Adding entry into typings cache: 'q' => '/home/erik/.cache/typescript/4.2/node_modules/@types/q/index.d.ts'
[15:23:53.336] Adding entry into typings cache: 'qs' => '/home/erik/.cache/typescript/4.2/node_modules/@types/qs/index.d.ts'
[15:23:53.337] Adding entry into typings cache: 'querystringify' => '/home/erik/.cache/typescript/4.2/node_modules/@types/querystringify/index.d.ts'
[15:23:53.337] Adding entry into typings cache: 'qunit' => '/home/erik/.cache/typescript/4.2/node_modules/@types/qunit/index.d.ts'
[15:23:53.338] Adding entry into typings cache: 'raf' => '/home/erik/.cache/typescript/4.2/node_modules/@types/raf/index.d.ts'
[15:23:53.339] Adding entry into typings cache: 'ramda' => '/home/erik/.cache/typescript/4.2/node_modules/@types/ramda/index.d.ts'
[15:23:53.340] Adding entry into typings cache: 'randombytes' => '/home/erik/.cache/typescript/4.2/node_modules/@types/randombytes/index.d.ts'
[15:23:53.340] Adding entry into typings cache: 'range-parser' => '/home/erik/.cache/typescript/4.2/node_modules/@types/range-parser/index.d.ts'
[15:23:53.342] Adding entry into typings cache: 'react' => '/home/erik/.cache/typescript/4.2/node_modules/@types/react/index.d.ts'
[15:23:53.343] Adding entry into typings cache: 'react-dev-utils' => '/home/erik/.cache/typescript/4.2/node_modules/@types/react-dev-utils/index.d.ts'
[15:23:53.344] Adding entry into typings cache: 'react-dom' => '/home/erik/.cache/typescript/4.2/node_modules/@types/react-dom/index.d.ts'
[15:23:53.345] Adding entry into typings cache: 'react-is' => '/home/erik/.cache/typescript/4.2/node_modules/@types/react-is/index.d.ts'
[15:23:53.347] Adding entry into typings cache: 'react-native' => '/home/erik/.cache/typescript/4.2/node_modules/@types/react-native/index.d.ts'
[15:23:53.348] Adding entry into typings cache: 'react-native-auth0' => '/home/erik/.cache/typescript/4.2/node_modules/@types/react-native-auth0/index.d.ts'
[15:23:53.348] Adding entry into typings cache: 'react-native-dotenv' => '/home/erik/.cache/typescript/4.2/node_modules/@types/react-native-dotenv/index.d.ts'
[15:23:53.349] Adding entry into typings cache: 'react-redux' => '/home/erik/.cache/typescript/4.2/node_modules/@types/react-redux/index.d.ts'
[15:23:53.350] Adding entry into typings cache: 'react-router' => '/home/erik/.cache/typescript/4.2/node_modules/@types/react-router/index.d.ts'
[15:23:53.350] Adding entry into typings cache: 'react-router-dom' => '/home/erik/.cache/typescript/4.2/node_modules/@types/react-router-dom/index.d.ts'
[15:23:53.351] Adding entry into typings cache: 'react-test-renderer' => '/home/erik/.cache/typescript/4.2/node_modules/@types/react-test-renderer/index.d.ts'
[15:23:53.352] Adding entry into typings cache: 'readable-stream' => '/home/erik/.cache/typescript/4.2/node_modules/@types/readable-stream/index.d.ts'
[15:23:53.353] Adding entry into typings cache: 'recursive-readdir' => '/home/erik/.cache/typescript/4.2/node_modules/@types/recursive-readdir/index.d.ts'
[15:23:53.353] Adding entry into typings cache: 'redux-mock-store' => '/home/erik/.cache/typescript/4.2/node_modules/@types/redux-mock-store/index.d.ts'
[15:23:53.354] Adding entry into typings cache: 'regenerate' => '/home/erik/.cache/typescript/4.2/node_modules/@types/regenerate/index.d.ts'
[15:23:53.355] Adding entry into typings cache: 'regenerator-runtime' => '/home/erik/.cache/typescript/4.2/node_modules/@types/regenerator-runtime/index.d.ts'
[15:23:53.356] Adding entry into typings cache: 'regex-not' => '/home/erik/.cache/typescript/4.2/node_modules/@types/regex-not/index.d.ts'
[15:23:53.356] Adding entry into typings cache: 'relateurl' => '/home/erik/.cache/typescript/4.2/node_modules/@types/relateurl/index.d.ts'
[15:23:53.357] Adding entry into typings cache: 'repeat-element' => '/home/erik/.cache/typescript/4.2/node_modules/@types/repeat-element/index.d.ts'
[15:23:53.359] Adding entry into typings cache: 'repeat-string' => '/home/erik/.cache/typescript/4.2/node_modules/@types/repeat-string/index.d.ts'
[15:23:53.359] Adding entry into typings cache: 'repeating' => '/home/erik/.cache/typescript/4.2/node_modules/@types/repeating/index.d.ts'
[15:23:53.360] Adding entry into typings cache: 'request' => '/home/erik/.cache/typescript/4.2/node_modules/@types/request/index.d.ts'
[15:23:53.360] Adding entry into typings cache: 'request-promise-native' => '/home/erik/.cache/typescript/4.2/node_modules/@types/request-promise-native/index.d.ts'
[15:23:53.361] Adding entry into typings cache: 'require-directory' => '/home/erik/.cache/typescript/4.2/node_modules/@types/require-directory/index.d.ts'
[15:23:53.361] Adding entry into typings cache: 'require-from-string' => '/home/erik/.cache/typescript/4.2/node_modules/@types/require-from-string/index.d.ts'
[15:23:53.362] Adding entry into typings cache: 'requires-port' => '/home/erik/.cache/typescript/4.2/node_modules/@types/requires-port/index.d.ts'
[15:23:53.363] Adding entry into typings cache: 'resolve' => '/home/erik/.cache/typescript/4.2/node_modules/@types/resolve/index.d.ts'
[15:23:53.363] Adding entry into typings cache: 'retry' => '/home/erik/.cache/typescript/4.2/node_modules/@types/retry/index.d.ts'
[15:23:53.364] Adding entry into typings cache: 'rimraf' => '/home/erik/.cache/typescript/4.2/node_modules/@types/rimraf/index.d.ts'
[15:23:53.365] Adding entry into typings cache: 'ripemd160' => '/home/erik/.cache/typescript/4.2/node_modules/@types/ripemd160/index.d.ts'
[15:23:53.365] Adding entry into typings cache: 'rn-fetch-blob' => '/home/erik/.cache/typescript/4.2/node_modules/@types/rn-fetch-blob/index.d.ts'
[15:23:53.366] Adding entry into typings cache: 'rsvp' => '/home/erik/.cache/typescript/4.2/node_modules/@types/rsvp/index.d.ts'
[15:23:53.366] Adding entry into typings cache: 'run-parallel' => '/home/erik/.cache/typescript/4.2/node_modules/@types/run-parallel/index.d.ts'
[15:23:53.367] Adding entry into typings cache: 'safe-regex' => '/home/erik/.cache/typescript/4.2/node_modules/@types/safe-regex/index.d.ts'
[15:23:53.368] Adding entry into typings cache: 'safer-buffer' => '/home/erik/.cache/typescript/4.2/node_modules/@types/safer-buffer/index.d.ts'
[15:23:53.368] Adding entry into typings cache: 'sane' => '/home/erik/.cache/typescript/4.2/node_modules/@types/sane/index.d.ts'
[15:23:53.369] Adding entry into typings cache: 'sass' => '/home/erik/.cache/typescript/4.2/node_modules/@types/sass/index.d.ts'
[15:23:53.369] Adding entry into typings cache: 'sass-graph' => '/home/erik/.cache/typescript/4.2/node_modules/@types/sass-graph/index.d.ts'
[15:23:53.370] Adding entry into typings cache: 'sass-loader' => '/home/erik/.cache/typescript/4.2/node_modules/@types/sass-loader/index.d.ts'
[15:23:53.371] Adding entry into typings cache: 'sax' => '/home/erik/.cache/typescript/4.2/node_modules/@types/sax/index.d.ts'
[15:23:53.371] Adding entry into typings cache: 'scheduler' => '/home/erik/.cache/typescript/4.2/node_modules/@types/scheduler/index.d.ts'
[15:23:53.371] Adding entry into typings cache: 'semver' => '/home/erik/.cache/typescript/4.2/node_modules/@types/semver/index.d.ts'
[15:23:53.372] Adding entry into typings cache: 'send' => '/home/erik/.cache/typescript/4.2/node_modules/@types/send/index.d.ts'
[15:23:53.373] Adding entry into typings cache: 'serialize-javascript' => '/home/erik/.cache/typescript/4.2/node_modules/@types/serialize-javascript/index.d.ts'
[15:23:53.374] Adding entry into typings cache: 'serve-index' => '/home/erik/.cache/typescript/4.2/node_modules/@types/serve-index/index.d.ts'
[15:23:53.374] Adding entry into typings cache: 'serve-static' => '/home/erik/.cache/typescript/4.2/node_modules/@types/serve-static/index.d.ts'
[15:23:53.375] Adding entry into typings cache: 'set-value' => '/home/erik/.cache/typescript/4.2/node_modules/@types/set-value/index.d.ts'
[15:23:53.376] Adding entry into typings cache: 'setimmediate' => '/home/erik/.cache/typescript/4.2/node_modules/@types/setimmediate/index.d.ts'
[15:23:53.376] Adding entry into typings cache: 'sha.js' => '/home/erik/.cache/typescript/4.2/node_modules/@types/sha.js/index.d.ts'
[15:23:53.377] Adding entry into typings cache: 'shebang-command' => '/home/erik/.cache/typescript/4.2/node_modules/@types/shebang-command/index.d.ts'
[15:23:53.377] Adding entry into typings cache: 'shell-quote' => '/home/erik/.cache/typescript/4.2/node_modules/@types/shell-quote/index.d.ts'
[15:23:53.378] Adding entry into typings cache: 'sigmund' => '/home/erik/.cache/typescript/4.2/node_modules/@types/sigmund/index.d.ts'
[15:23:53.378] Adding entry into typings cache: 'signal-exit' => '/home/erik/.cache/typescript/4.2/node_modules/@types/signal-exit/index.d.ts'
[15:23:53.379] Adding entry into typings cache: 'simple-swizzle' => '/home/erik/.cache/typescript/4.2/node_modules/@types/simple-swizzle/index.d.ts'
[15:23:53.379] Adding entry into typings cache: 'slice-ansi' => '/home/erik/.cache/typescript/4.2/node_modules/@types/slice-ansi/index.d.ts'
[15:23:53.380] Adding entry into typings cache: 'sockjs' => '/home/erik/.cache/typescript/4.2/node_modules/@types/sockjs/index.d.ts'
[15:23:53.380] Adding entry into typings cache: 'sockjs-client' => '/home/erik/.cache/typescript/4.2/node_modules/@types/sockjs-client/index.d.ts'
[15:23:53.381] Adding entry into typings cache: 'source-list-map' => '/home/erik/.cache/typescript/4.2/node_modules/@types/source-list-map/index.d.ts'
[15:23:53.382] Adding entry into typings cache: 'source-map-support' => '/home/erik/.cache/typescript/4.2/node_modules/@types/source-map-support/index.d.ts'
[15:23:53.382] Adding entry into typings cache: 'spdx-correct' => '/home/erik/.cache/typescript/4.2/node_modules/@types/spdx-correct/index.d.ts'
[15:23:53.383] Adding entry into typings cache: 'spdx-expression-parse' => '/home/erik/.cache/typescript/4.2/node_modules/@types/spdx-expression-parse/index.d.ts'
[15:23:53.384] Adding entry into typings cache: 'spdy' => '/home/erik/.cache/typescript/4.2/node_modules/@types/spdy/index.d.ts'
[15:23:53.384] Adding entry into typings cache: 'sprintf' => '/home/erik/.cache/typescript/4.2/node_modules/@types/sprintf/index.d.ts'
[15:23:53.385] Adding entry into typings cache: 'sprintf-js' => '/home/erik/.cache/typescript/4.2/node_modules/@types/sprintf-js/index.d.ts'
[15:23:53.385] Adding entry into typings cache: 'sshpk' => '/home/erik/.cache/typescript/4.2/node_modules/@types/sshpk/index.d.ts'
[15:23:53.386] Adding entry into typings cache: 'ssri' => '/home/erik/.cache/typescript/4.2/node_modules/@types/ssri/index.d.ts'
[15:23:53.386] Adding entry into typings cache: 'stack-utils' => '/home/erik/.cache/typescript/4.2/node_modules/@types/stack-utils/index.d.ts'
[15:23:53.387] Adding entry into typings cache: 'statuses' => '/home/erik/.cache/typescript/4.2/node_modules/@types/statuses/index.d.ts'
[15:23:53.387] Adding entry into typings cache: 'stdout-stream' => '/home/erik/.cache/typescript/4.2/node_modules/@types/stdout-stream/index.d.ts'
[15:23:53.388] Adding entry into typings cache: 'stream-each' => '/home/erik/.cache/typescript/4.2/node_modules/@types/stream-each/index.d.ts'
[15:23:53.388] Adding entry into typings cache: 'stream-shift' => '/home/erik/.cache/typescript/4.2/node_modules/@types/stream-shift/index.d.ts'
[15:23:53.389] Adding entry into typings cache: 'strict-uri-encode' => '/home/erik/.cache/typescript/4.2/node_modules/@types/strict-uri-encode/index.d.ts'
[15:23:53.389] Adding entry into typings cache: 'string-natural-compare' => '/home/erik/.cache/typescript/4.2/node_modules/@types/string-natural-compare/index.d.ts'
[15:23:53.390] Adding entry into typings cache: 'string.prototype.matchall' => '/home/erik/.cache/typescript/4.2/node_modules/@types/string.prototype.matchall/index.d.ts'
[15:23:53.390] Adding entry into typings cache: 'stringify-object' => '/home/erik/.cache/typescript/4.2/node_modules/@types/stringify-object/index.d.ts'
[15:23:53.391] Adding entry into typings cache: 'strip-comments' => '/home/erik/.cache/typescript/4.2/node_modules/@types/strip-comments/index.d.ts'
[15:23:53.391] Adding entry into typings cache: 'strip-final-newline' => '/home/erik/.cache/typescript/4.2/node_modules/@types/strip-final-newline/index.d.ts'
[15:23:53.392] Adding entry into typings cache: 'summernote' => '/home/erik/.cache/typescript/4.2/node_modules/@types/summernote/index.d.ts'
[15:23:53.393] Adding entry into typings cache: 'superagent' => '/home/erik/.cache/typescript/4.2/node_modules/@types/superagent/index.d.ts'
[15:23:53.393] Adding entry into typings cache: 'supports-color' => '/home/erik/.cache/typescript/4.2/node_modules/@types/supports-color/index.d.ts'
[15:23:53.394] Adding entry into typings cache: 'svg-parser' => '/home/erik/.cache/typescript/4.2/node_modules/@types/svg-parser/index.d.ts'
[15:23:53.395] Adding entry into typings cache: 'svg-tags' => '/home/erik/.cache/typescript/4.2/node_modules/@types/svg-tags/index.d.ts'
[15:23:53.395] Adding entry into typings cache: 'svgo' => '/home/erik/.cache/typescript/4.2/node_modules/@types/svgo/index.d.ts'
[15:23:53.396] Adding entry into typings cache: 'symbol-tree' => '/home/erik/.cache/typescript/4.2/node_modules/@types/symbol-tree/index.d.ts'
[15:23:53.396] Adding entry into typings cache: 'tailwindcss' => '/home/erik/.cache/typescript/4.2/node_modules/@types/tailwindcss/index.d.ts'
[15:23:53.397] Adding entry into typings cache: 'tapable' => '/home/erik/.cache/typescript/4.2/node_modules/tapable/tapable.d.ts'
[15:23:53.397] Adding entry into typings cache: 'tar' => '/home/erik/.cache/typescript/4.2/node_modules/@types/tar/index.d.ts'
[15:23:53.398] Adding entry into typings cache: 'testing-library__jest-dom' => '/home/erik/.cache/typescript/4.2/node_modules/@types/testing-library__jest-dom/index.d.ts'
[15:23:53.398] Adding entry into typings cache: 'text-table' => '/home/erik/.cache/typescript/4.2/node_modules/@types/text-table/index.d.ts'
[15:23:53.399] Adding entry into typings cache: 'throttleit' => '/home/erik/.cache/typescript/4.2/node_modules/@types/throttleit/index.d.ts'
[15:23:53.399] Adding entry into typings cache: 'through' => '/home/erik/.cache/typescript/4.2/node_modules/@types/through/index.d.ts'
[15:23:53.400] Adding entry into typings cache: 'through2' => '/home/erik/.cache/typescript/4.2/node_modules/@types/through2/index.d.ts'
[15:23:53.401] Adding entry into typings cache: 'thunky' => '/home/erik/.cache/typescript/4.2/node_modules/@types/thunky/index.d.ts'
[15:23:53.401] Adding entry into typings cache: 'timsort' => '/home/erik/.cache/typescript/4.2/node_modules/@types/timsort/index.d.ts'
[15:23:53.402] Adding entry into typings cache: 'tmp' => '/home/erik/.cache/typescript/4.2/node_modules/@types/tmp/index.d.ts'
[15:23:53.402] Adding entry into typings cache: 'tmpl' => '/home/erik/.cache/typescript/4.2/node_modules/@types/tmpl/index.d.ts'
[15:23:53.403] Adding entry into typings cache: 'to-regex' => '/home/erik/.cache/typescript/4.2/node_modules/@types/to-regex/index.d.ts'
[15:23:53.404] Adding entry into typings cache: 'to-regex-range' => '/home/erik/.cache/typescript/4.2/node_modules/@types/to-regex-range/index.d.ts'
[15:23:53.405] Adding entry into typings cache: 'tough-cookie' => '/home/erik/.cache/typescript/4.2/node_modules/@types/tough-cookie/index.d.ts'
[15:23:53.406] Adding entry into typings cache: 'tryer' => '/home/erik/.cache/typescript/4.2/node_modules/@types/tryer/index.d.ts'
[15:23:53.406] Adding entry into typings cache: 'type-check' => '/home/erik/.cache/typescript/4.2/node_modules/@types/type-check/index.d.ts'
[15:23:53.407] Adding entry into typings cache: 'type-detect' => '/home/erik/.cache/typescript/4.2/node_modules/@types/type-detect/index.d.ts'
[15:23:53.408] Adding entry into typings cache: 'type-is' => '/home/erik/.cache/typescript/4.2/node_modules/@types/type-is/index.d.ts'
[15:23:53.409] Adding entry into typings cache: 'ua-parser-js' => '/home/erik/.cache/typescript/4.2/node_modules/@types/ua-parser-js/index.d.ts'
[15:23:53.410] Adding entry into typings cache: 'uglify-js' => '/home/erik/.cache/typescript/4.2/node_modules/@types/uglify-js/index.d.ts'
[15:23:53.411] Adding entry into typings cache: 'uniq' => '/home/erik/.cache/typescript/4.2/node_modules/@types/uniq/index.d.ts'
[15:23:53.412] Adding entry into typings cache: 'universalify' => '/home/erik/.cache/typescript/4.2/node_modules/@types/universalify/index.d.ts'
[15:23:53.413] Adding entry into typings cache: 'urix' => '/home/erik/.cache/typescript/4.2/node_modules/@types/urix/index.d.ts'
[15:23:53.414] Adding entry into typings cache: 'url-join' => '/home/erik/.cache/typescript/4.2/node_modules/@types/url-join/index.d.ts'
[15:23:53.414] Adding entry into typings cache: 'url-parse' => '/home/erik/.cache/typescript/4.2/node_modules/@types/url-parse/index.d.ts'
[15:23:53.416] Adding entry into typings cache: 'util-deprecate' => '/home/erik/.cache/typescript/4.2/node_modules/@types/util-deprecate/index.d.ts'
[15:23:53.416] Adding entry into typings cache: 'util.promisify' => '/home/erik/.cache/typescript/4.2/node_modules/@types/util.promisify/index.d.ts'
[15:23:53.417] Adding entry into typings cache: 'utils-merge' => '/home/erik/.cache/typescript/4.2/node_modules/@types/utils-merge/index.d.ts'
[15:23:53.417] Adding entry into typings cache: 'uuid' => '/home/erik/.cache/typescript/4.2/node_modules/@types/uuid/index.d.ts'
[15:23:53.418] Adding entry into typings cache: 'validate-npm-package-license' => '/home/erik/.cache/typescript/4.2/node_modules/@types/validate-npm-package-license/index.d.ts'
[15:23:53.418] Adding entry into typings cache: 'validator' => '/home/erik/.cache/typescript/4.2/node_modules/@types/validator/index.d.ts'
[15:23:53.419] Adding entry into typings cache: 'vary' => '/home/erik/.cache/typescript/4.2/node_modules/@types/vary/index.d.ts'
[15:23:53.419] Adding entry into typings cache: 'verror' => '/home/erik/.cache/typescript/4.2/node_modules/@types/verror/index.d.ts'
[15:23:53.420] Adding entry into typings cache: 'vue-datetime' => '/home/erik/.cache/typescript/4.2/node_modules/@types/vue-datetime/index.d.ts'
[15:23:53.420] Adding entry into typings cache: 'w3c-hr-time' => '/home/erik/.cache/typescript/4.2/node_modules/@types/w3c-hr-time/index.d.ts'
[15:23:53.421] Adding entry into typings cache: 'w3c-xmlserializer' => '/home/erik/.cache/typescript/4.2/node_modules/@types/w3c-xmlserializer/index.d.ts'
[15:23:53.422] Adding entry into typings cache: 'watchpack' => '/home/erik/.cache/typescript/4.2/node_modules/@types/watchpack/index.d.ts'
[15:23:53.422] Adding entry into typings cache: 'wcwidth' => '/home/erik/.cache/typescript/4.2/node_modules/@types/wcwidth/index.d.ts'
[15:23:53.423] Adding entry into typings cache: 'webidl-conversions' => '/home/erik/.cache/typescript/4.2/node_modules/@types/webidl-conversions/index.d.ts'
[15:23:53.424] Adding entry into typings cache: 'webpack' => '/home/erik/.cache/typescript/4.2/node_modules/webpack/types.d.ts'
[15:23:53.425] Adding entry into typings cache: 'webpack-bundle-analyzer' => '/home/erik/.cache/typescript/4.2/node_modules/@types/webpack-bundle-analyzer/index.d.ts'
[15:23:53.425] Adding entry into typings cache: 'webpack-dev-middleware' => '/home/erik/.cache/typescript/4.2/node_modules/@types/webpack-dev-middleware/index.d.ts'
[15:23:53.426] Adding entry into typings cache: 'webpack-dev-server' => '/home/erik/.cache/typescript/4.2/node_modules/@types/webpack-dev-server/index.d.ts'
[15:23:53.427] Adding entry into typings cache: 'webpack-manifest-plugin' => '/home/erik/.cache/typescript/4.2/node_modules/@types/webpack-manifest-plugin/index.d.ts'
[15:23:53.428] Adding entry into typings cache: 'webpack-sources' => '/home/erik/.cache/typescript/4.2/node_modules/@types/webpack-sources/index.d.ts'
[15:23:53.428] Adding entry into typings cache: 'whatwg-encoding' => '/home/erik/.cache/typescript/4.2/node_modules/@types/whatwg-encoding/index.d.ts'
[15:23:53.429] Adding entry into typings cache: 'whatwg-mimetype' => '/home/erik/.cache/typescript/4.2/node_modules/@types/whatwg-mimetype/index.d.ts'
[15:23:53.430] Adding entry into typings cache: 'whatwg-url' => '/home/erik/.cache/typescript/4.2/node_modules/@types/whatwg-url/index.d.ts'
[15:23:53.430] Adding entry into typings cache: 'which' => '/home/erik/.cache/typescript/4.2/node_modules/@types/which/index.d.ts'
[15:23:53.431] Adding entry into typings cache: 'workbox-build' => '/home/erik/.cache/typescript/4.2/node_modules/@types/workbox-build/index.d.ts'
[15:23:53.431] Adding entry into typings cache: 'workbox-core' => '/home/erik/.cache/typescript/4.2/node_modules/@types/workbox-core/index.d.ts'
[15:23:53.432] Adding entry into typings cache: 'workbox-sw' => '/home/erik/.cache/typescript/4.2/node_modules/@types/workbox-sw/index.d.ts'
[15:23:53.432] Adding entry into typings cache: 'workbox-webpack-plugin' => '/home/erik/.cache/typescript/4.2/node_modules/@types/workbox-webpack-plugin/index.d.ts'
[15:23:53.433] Adding entry into typings cache: 'wrap-ansi' => '/home/erik/.cache/typescript/4.2/node_modules/@types/wrap-ansi/index.d.ts'
[15:23:53.434] Adding entry into typings cache: 'write' => '/home/erik/.cache/typescript/4.2/node_modules/@types/write/index.d.ts'
[15:23:53.434] Adding entry into typings cache: 'write-file-atomic' => '/home/erik/.cache/typescript/4.2/node_modules/@types/write-file-atomic/index.d.ts'
[15:23:53.435] Adding entry into typings cache: 'ws' => '/home/erik/.cache/typescript/4.2/node_modules/@types/ws/index.d.ts'
[15:23:53.435] Adding entry into typings cache: 'xtend' => '/home/erik/.cache/typescript/4.2/node_modules/@types/xtend/index.d.ts'
[15:23:53.436] Adding entry into typings cache: 'yallist' => '/home/erik/.cache/typescript/4.2/node_modules/@types/yallist/index.d.ts'
[15:23:53.437] Adding entry into typings cache: 'yargs' => '/home/erik/.cache/typescript/4.2/node_modules/@types/yargs/index.d.ts'
[15:23:53.437] Adding entry into typings cache: 'yargs-parser' => '/home/erik/.cache/typescript/4.2/node_modules/@types/yargs-parser/index.d.ts'
[15:23:53.438] Adding entry into typings cache: 'yauzl' => '/home/erik/.cache/typescript/4.2/node_modules/@types/yauzl/index.d.ts'
[15:23:53.438] Finished processing cache location '/home/erik/.cache/typescript/4.2'
[15:23:53.438] Process id: 25557
[15:23:53.438] NPM location: /usr/bin/npm (explicit '--npmLocation' not  provided)
[15:23:53.438] validateDefaultNpmLocation: false
[15:23:53.438] Npm config file: /home/erik/.cache/typescript/4.2/package.json
[15:23:53.438] Updating types-registry npm package...
[15:23:53.438] Exec: /usr/bin/npm install --ignore-scripts types-registry@latest
[15:23:59.078]     Succeeded. stdout:
    
    changed 1 package, and audited 879 packages in 5s

17 packages are looking for funding
  run `npm fund` for details

6 vulnerabilities (1 moderate, 5 high)

To address issues that do not require attention, run:
  npm audit fix

To address all issues (including breaking changes), run:
  npm audit fix --force

Run `npm audit` for details.

[15:23:59.078] Updated types-registry npm package
